Using pre-set license
Built from '2020.2/release' branch; Version is '2020.2.2f1 (068178b99f32) revision 426360'; Using compiler version '192528614'; Build Type 'Release'
OS: 'Windows 10 Home; OS build 19041.867; Version 2004; 64bit' Language: 'en' Physical Memory: 8081 MB
BatchMode: 1, IsHumanControllingUs: 0, StartBugReporterOnCrash: 0, Is64bit: 1, IsPro: 0

 COMMAND LINE ARGUMENTS:
C:\Program Files\Unity\Editor\Unity.exe
-adb2
-batchMode
-noUpm
-name
AssetImportWorker1
-projectPath
C:/Users/mncoolno.1/OneDrive/Documents/GitHub/vision-MN-Cool/Vision Game
-logFile
Logs/AssetImportWorker1.log
-srvPort
54041
Successfully changed project path to: C:/Users/mncoolno.1/OneDrive/Documents/GitHub/vision-MN-Cool/Vision Game
C:/Users/mncoolno.1/OneDrive/Documents/GitHub/vision-MN-Cool/Vision Game
Using Asset Import Pipeline V2.
Refreshing native plugins compatible for Editor in 94.66 ms, found 0 plugins.
Preloading 0 native plugins for Editor in 0.00 ms.
Initialize engine version: 2020.2.2f1 (068178b99f32)
[Subsystems] Discovering subsystems at path C:/Program Files/Unity/Editor/Data/Resources/UnitySubsystems
[Subsystems] Discovering subsystems at path C:/Users/mncoolno.1/OneDrive/Documents/GitHub/vision-MN-Cool/Vision Game/Assets
GfxDevice: creating device client; threaded=0
Direct3D:
    Version:  Direct3D 11.0 [level 11.1]
    Renderer: Intel(R) HD Graphics 520 (ID=0x1916)
    Vendor:   
    VRAM:     4040 MB
    Driver:   22.20.16.4836
Initialize mono
Mono path[0] = 'C:/Program Files/Unity/Editor/Data/Managed'
Mono path[1] = 'C:/Program Files/Unity/Editor/Data/MonoBleedingEdge/lib/mono/unityjit'
Mono config path = 'C:/Program Files/Unity/Editor/Data/MonoBleedingEdge/etc'
Using monoOptions --debugger-agent=transport=dt_socket,embedding=1,server=y,suspend=n,address=127.0.0.1:56760
Begin MonoManager ReloadAssembly
Registering precompiled unity dll's ...
Register platform support module: C:/Program Files/Unity/Editor/Data/PlaybackEngines/WindowsStandaloneSupport/UnityEditor.WindowsStandalone.Extensions.dll
Registered in 0.004937 seconds.
Native extension for WindowsStandalone target not found
Refreshing native plugins compatible for Editor in 84.02 ms, found 0 plugins.
Preloading 0 native plugins for Editor in 0.00 ms.
Invoked RoslynAnalysisRunner static constructor.
RoslynAnalysisRunner will not be running.
RoslynAnalysisRunner has terminated.
Mono: successfully reloaded assembly
- Completed reload, in  2.230 seconds
Platform modules already initialized, skipping
Registering precompiled user dll's ...
Registered in 0.003079 seconds.
Begin MonoManager ReloadAssembly
Native extension for WindowsStandalone target not found
Refreshing native plugins compatible for Editor in 58.09 ms, found 0 plugins.
Preloading 0 native plugins for Editor in 0.00 ms.
Invoked RoslynAnalysisRunner static constructor.
RoslynAnalysisRunner will not be running.
RoslynAnalysisRunner has terminated.
Mono: successfully reloaded assembly
- Completed reload, in  1.793 seconds
Platform modules already initialized, skipping
========================================================================
Worker process is ready to serve import requests
Shader 'Universal Render Pipeline/Particles/Lit': fallback shader 'Universal Render Pipeline/Particles/SimpleLit' not found
Shader 'Universal Render Pipeline/Particles/Lit': fallback shader 'Universal Render Pipeline/Particles/SimpleLit' not found
Launched and connected shader compiler UnityShaderCompiler.exe after 0.08 seconds
Refreshing native plugins compatible for Editor in 0.83 ms, found 0 plugins.
Preloading 0 native plugins for Editor in 0.00 ms.
Unloading 2400 Unused Serialized files (Serialized files now loaded: 0)
System memory in use before: 116.2 MB.
System memory in use after: 114.1 MB.

Unloading 41 unused Assets to reduce memory usage. Loaded Objects now: 2806.
Total: 9.556800 ms (FindLiveObjects: 0.674500 ms CreateObjectMapping: 0.293000 ms MarkObjects: 5.972800 ms  DeleteObjects: 2.613100 ms)

========================================================================
Received Import Request.
  path: Assets/PlayerControls.inputactions
  artifactKey: Guid(75f5ec93ae8bafa428656663c87a0eb5) Importer(815301076,1909f56bfc062723c751e8b465ee728b)
Start importing Assets/PlayerControls.inputactions using Guid(75f5ec93ae8bafa428656663c87a0eb5) Importer(815301076,1909f56bfc062723c751e8b465ee728b)  -> (artifact id: 'e4c05b3df7e767863429aa210fc80119') in 0.165991 seconds
  Import took 0.181948 seconds .

========================================================================
Received Import Request.
  Time since last request: 39.439797 seconds.
  path: Assets/PlayerControls.inputactions
  artifactKey: Guid(75f5ec93ae8bafa428656663c87a0eb5) Importer(815301076,1909f56bfc062723c751e8b465ee728b)
Start importing Assets/PlayerControls.inputactions using Guid(75f5ec93ae8bafa428656663c87a0eb5) Importer(815301076,1909f56bfc062723c751e8b465ee728b)  -> (artifact id: '3ec710b86dd8bde791561d8437492284') in 0.019466 seconds
  Import took 0.064647 seconds .

========================================================================
Received Import Request.
  Time since last request: 14.209987 seconds.
  path: Assets/PlayerControls.inputactions
  artifactKey: Guid(75f5ec93ae8bafa428656663c87a0eb5) Importer(815301076,1909f56bfc062723c751e8b465ee728b)
Start importing Assets/PlayerControls.inputactions using Guid(75f5ec93ae8bafa428656663c87a0eb5) Importer(815301076,1909f56bfc062723c751e8b465ee728b)  -> (artifact id: '1551e2200e57cae347d0764d40143250') in 0.048764 seconds
  Import took 0.076021 seconds .

========================================================================
Received Import Request.
  Time since last request: 435.608608 seconds.
  path: Assets/PlayerControls.inputactions
  artifactKey: Guid(75f5ec93ae8bafa428656663c87a0eb5) Importer(815301076,1909f56bfc062723c751e8b465ee728b)
Start importing Assets/PlayerControls.inputactions using Guid(75f5ec93ae8bafa428656663c87a0eb5) Importer(815301076,1909f56bfc062723c751e8b465ee728b)  -> (artifact id: '91b03fcc5f31422c8d8ffa50a9ac0ed2') in 0.038317 seconds
  Import took 0.087314 seconds .

========================================================================
Received Import Request.
  Time since last request: 1866.673468 seconds.
  path: Assets/Scripts/ThirdPersonController.cs
  artifactKey: Guid(6bcd5808907c1b248b317c6ddc47deb4) Importer(815301076,1909f56bfc062723c751e8b465ee728b)
Start importing Assets/Scripts/ThirdPersonController.cs using Guid(6bcd5808907c1b248b317c6ddc47deb4) Importer(815301076,1909f56bfc062723c751e8b465ee728b)  -> (artifact id: '252651ea70bd4783edce019356155566') in 0.623851 seconds
  Import took 0.639423 seconds .

========================================================================
Received Prepare
Registering precompiled user dll's ...
Registered in 0.009599 seconds.
Begin MonoManager ReloadAssembly
Native extension for WindowsStandalone target not found
Refreshing native plugins compatible for Editor in 0.74 ms, found 0 plugins.
Preloading 0 native plugins for Editor in 0.00 ms.
Invoked RoslynAnalysisRunner static constructor.
RoslynAnalysisRunner will not be running.
RoslynAnalysisRunner has terminated.
Mono: successfully reloaded assembly
- Completed reload, in  4.255 seconds
Platform modules already initialized, skipping
Shader 'Universal Render Pipeline/Particles/Lit': fallback shader 'Universal Render Pipeline/Particles/SimpleLit' not found
Shader 'Universal Render Pipeline/Particles/Lit': fallback shader 'Universal Render Pipeline/Particles/SimpleLit' not found
Refreshing native plugins compatible for Editor in 0.89 ms, found 0 plugins.
Preloading 0 native plugins for Editor in 0.00 ms.
Unloading 2323 Unused Serialized files (Serialized files now loaded: 0)
System memory in use before: 113.2 MB.
System memory in use after: 111.2 MB.

Unloading 37 unused Assets to reduce memory usage. Loaded Objects now: 2806.
Total: 12.481600 ms (FindLiveObjects: 0.527400 ms CreateObjectMapping: 0.277600 ms MarkObjects: 4.435700 ms  DeleteObjects: 7.238000 ms)

========================================================================
Received Import Request.
  Time since last request: 499.584677 seconds.
  path: Assets/Scripts/ThirdPersonController.cs
  artifactKey: Guid(6bcd5808907c1b248b317c6ddc47deb4) Importer(815301076,1909f56bfc062723c751e8b465ee728b)
Start importing Assets/Scripts/ThirdPersonController.cs using Guid(6bcd5808907c1b248b317c6ddc47deb4) Importer(815301076,1909f56bfc062723c751e8b465ee728b)  -> (artifact id: '9ccf4cb5f1fc4c4cee7b71fe80f44ef3') in 0.049125 seconds
  Import took 0.069457 seconds .

========================================================================
Received Prepare
Registering precompiled user dll's ...
Registered in 0.004693 seconds.
Begin MonoManager ReloadAssembly
Native extension for WindowsStandalone target not found
Refreshing native plugins compatible for Editor in 0.49 ms, found 0 plugins.
Preloading 0 native plugins for Editor in 0.00 ms.
Invoked RoslynAnalysisRunner static constructor.
RoslynAnalysisRunner will not be running.
RoslynAnalysisRunner has terminated.
Mono: successfully reloaded assembly
- Completed reload, in  2.686 seconds
Platform modules already initialized, skipping
Shader 'Universal Render Pipeline/Particles/Lit': fallback shader 'Universal Render Pipeline/Particles/SimpleLit' not found
Shader 'Universal Render Pipeline/Particles/Lit': fallback shader 'Universal Render Pipeline/Particles/SimpleLit' not found
Refreshing native plugins compatible for Editor in 0.87 ms, found 0 plugins.
Preloading 0 native plugins for Editor in 0.00 ms.
Unloading 2323 Unused Serialized files (Serialized files now loaded: 0)
System memory in use before: 114.3 MB.
System memory in use after: 112.2 MB.

Unloading 37 unused Assets to reduce memory usage. Loaded Objects now: 2806.
Total: 13.866200 ms (FindLiveObjects: 0.523400 ms CreateObjectMapping: 5.363900 ms MarkObjects: 4.356100 ms  DeleteObjects: 3.620000 ms)

========================================================================
Received Prepare
Registering precompiled user dll's ...
Registered in 0.004010 seconds.
Begin MonoManager ReloadAssembly
Native extension for WindowsStandalone target not found
Refreshing native plugins compatible for Editor in 0.49 ms, found 0 plugins.
Preloading 0 native plugins for Editor in 0.00 ms.
Invoked RoslynAnalysisRunner static constructor.
RoslynAnalysisRunner will not be running.
RoslynAnalysisRunner has terminated.
Mono: successfully reloaded assembly
- Completed reload, in  2.649 seconds
Platform modules already initialized, skipping
Shader 'Universal Render Pipeline/Particles/Lit': fallback shader 'Universal Render Pipeline/Particles/SimpleLit' not found
Shader 'Universal Render Pipeline/Particles/Lit': fallback shader 'Universal Render Pipeline/Particles/SimpleLit' not found
Refreshing native plugins compatible for Editor in 0.88 ms, found 0 plugins.
Preloading 0 native plugins for Editor in 0.00 ms.
Unloading 2323 Unused Serialized files (Serialized files now loaded: 0)
System memory in use before: 114.2 MB.
System memory in use after: 112.1 MB.

Unloading 37 unused Assets to reduce memory usage. Loaded Objects now: 2806.
Total: 8.896500 ms (FindLiveObjects: 0.512500 ms CreateObjectMapping: 0.297500 ms MarkObjects: 4.112100 ms  DeleteObjects: 3.970900 ms)

========================================================================
Received Prepare
Registering precompiled user dll's ...
Registered in 0.002200 seconds.
Begin MonoManager ReloadAssembly
Native extension for WindowsStandalone target not found
Refreshing native plugins compatible for Editor in 0.52 ms, found 0 plugins.
Preloading 0 native plugins for Editor in 0.00 ms.
Invoked RoslynAnalysisRunner static constructor.
RoslynAnalysisRunner will not be running.
RoslynAnalysisRunner has terminated.
Mono: successfully reloaded assembly
- Completed reload, in  2.995 seconds
Platform modules already initialized, skipping
Shader 'Universal Render Pipeline/Particles/Lit': fallback shader 'Universal Render Pipeline/Particles/SimpleLit' not found
Shader 'Universal Render Pipeline/Particles/Lit': fallback shader 'Universal Render Pipeline/Particles/SimpleLit' not found
Refreshing native plugins compatible for Editor in 0.87 ms, found 0 plugins.
Preloading 0 native plugins for Editor in 0.00 ms.
Unloading 2323 Unused Serialized files (Serialized files now loaded: 0)
System memory in use before: 114.3 MB.
System memory in use after: 112.3 MB.

Unloading 37 unused Assets to reduce memory usage. Loaded Objects now: 2806.
Total: 8.269500 ms (FindLiveObjects: 0.449200 ms CreateObjectMapping: 0.231600 ms MarkObjects: 4.683600 ms  DeleteObjects: 2.902400 ms)

========================================================================
Received Prepare
Registering precompiled user dll's ...
Registered in 0.020991 seconds.
Begin MonoManager ReloadAssembly
Native extension for WindowsStandalone target not found
Refreshing native plugins compatible for Editor in 1.17 ms, found 0 plugins.
Preloading 0 native plugins for Editor in 0.00 ms.
Invoked RoslynAnalysisRunner static constructor.
RoslynAnalysisRunner will not be running.
RoslynAnalysisRunner has terminated.
Mono: successfully reloaded assembly
- Completed reload, in  4.159 seconds
Platform modules already initialized, skipping
Shader 'Universal Render Pipeline/Particles/Lit': fallback shader 'Universal Render Pipeline/Particles/SimpleLit' not found
Shader 'Universal Render Pipeline/Particles/Lit': fallback shader 'Universal Render Pipeline/Particles/SimpleLit' not found
Refreshing native plugins compatible for Editor in 1.03 ms, found 0 plugins.
Preloading 0 native plugins for Editor in 0.00 ms.
Unloading 2324 Unused Serialized files (Serialized files now loaded: 0)
System memory in use before: 114.2 MB.
System memory in use after: 112.2 MB.

Unloading 37 unused Assets to reduce memory usage. Loaded Objects now: 2807.
Total: 21.939500 ms (FindLiveObjects: 0.591900 ms CreateObjectMapping: 0.358700 ms MarkObjects: 17.339300 ms  DeleteObjects: 3.645700 ms)

========================================================================
Received Import Request.
  Time since last request: 8497.939300 seconds.
  path: Assets/TestExecution.cs
  artifactKey: Guid(161357f37e14c4a45ad2803709286f8d) Importer(815301076,1909f56bfc062723c751e8b465ee728b)
Start importing Assets/TestExecution.cs using Guid(161357f37e14c4a45ad2803709286f8d) Importer(815301076,1909f56bfc062723c751e8b465ee728b)  -> (artifact id: '989af5b903f6a6eaa7c566f55e4288bf') in 0.160380 seconds
  Import took 0.199946 seconds .

========================================================================
Received Prepare
Registering precompiled user dll's ...
Registered in 0.006724 seconds.
Begin MonoManager ReloadAssembly
Native extension for WindowsStandalone target not found
Refreshing native plugins compatible for Editor in 0.50 ms, found 0 plugins.
Preloading 0 native plugins for Editor in 0.00 ms.
Invoked RoslynAnalysisRunner static constructor.
RoslynAnalysisRunner will not be running.
RoslynAnalysisRunner has terminated.
Mono: successfully reloaded assembly
- Completed reload, in  2.018 seconds
Platform modules already initialized, skipping
Shader 'Universal Render Pipeline/Particles/Lit': fallback shader 'Universal Render Pipeline/Particles/SimpleLit' not found
Shader 'Universal Render Pipeline/Particles/Lit': fallback shader 'Universal Render Pipeline/Particles/SimpleLit' not found
Refreshing native plugins compatible for Editor in 0.82 ms, found 0 plugins.
Preloading 0 native plugins for Editor in 0.00 ms.
Unloading 2323 Unused Serialized files (Serialized files now loaded: 0)
System memory in use before: 114.3 MB.
System memory in use after: 112.3 MB.

Unloading 38 unused Assets to reduce memory usage. Loaded Objects now: 2806.
Total: 10.253600 ms (FindLiveObjects: 0.836200 ms CreateObjectMapping: 0.387100 ms MarkObjects: 5.929000 ms  DeleteObjects: 3.096100 ms)

========================================================================
Received Prepare
Registering precompiled user dll's ...
Registered in 0.003228 seconds.
Begin MonoManager ReloadAssembly
Native extension for WindowsStandalone target not found
Refreshing native plugins compatible for Editor in 0.49 ms, found 0 plugins.
Preloading 0 native plugins for Editor in 0.00 ms.
Invoked RoslynAnalysisRunner static constructor.
RoslynAnalysisRunner will not be running.
RoslynAnalysisRunner has terminated.
Mono: successfully reloaded assembly
- Completed reload, in  4.203 seconds
Platform modules already initialized, skipping
Shader 'Universal Render Pipeline/Particles/Lit': fallback shader 'Universal Render Pipeline/Particles/SimpleLit' not found
Shader 'Universal Render Pipeline/Particles/Lit': fallback shader 'Universal Render Pipeline/Particles/SimpleLit' not found
Refreshing native plugins compatible for Editor in 1.75 ms, found 0 plugins.
Preloading 0 native plugins for Editor in 0.00 ms.
Unloading 2323 Unused Serialized files (Serialized files now loaded: 0)
System memory in use before: 114.1 MB.
System memory in use after: 112.1 MB.

Unloading 37 unused Assets to reduce memory usage. Loaded Objects now: 2806.
Total: 8.074500 ms (FindLiveObjects: 0.557500 ms CreateObjectMapping: 0.276600 ms MarkObjects: 4.423200 ms  DeleteObjects: 2.780300 ms)

AssetImportWorkerClient::OnTransportError - code=2 error=End of file
