Using pre-set license
Built from '2020.2/release' branch; Version is '2020.2.2f1 (068178b99f32) revision 426360'; Using compiler version '192528614'; Build Type 'Release'
OS: 'Windows 10 Home; OS build 19041.928; Version 2004; 64bit' Language: 'en' Physical Memory: 8081 MB
BatchMode: 1, IsHumanControllingUs: 0, StartBugReporterOnCrash: 0, Is64bit: 1, IsPro: 0

 COMMAND LINE ARGUMENTS:
C:\Program Files\Unity\Editor\Unity.exe
-adb2
-batchMode
-noUpm
-name
AssetImportWorker12
-projectPath
C:/Users/mncoolno.1/OneDrive/Documents/GitHub/vision-MN-Cool/Vision Game
-logFile
Logs/AssetImportWorker12.log
-srvPort
54435
Successfully changed project path to: C:/Users/mncoolno.1/OneDrive/Documents/GitHub/vision-MN-Cool/Vision Game
C:/Users/mncoolno.1/OneDrive/Documents/GitHub/vision-MN-Cool/Vision Game
Using Asset Import Pipeline V2.
Refreshing native plugins compatible for Editor in 166.09 ms, found 0 plugins.
Preloading 0 native plugins for Editor in 0.00 ms.
Initialize engine version: 2020.2.2f1 (068178b99f32)
[Subsystems] Discovering subsystems at path C:/Program Files/Unity/Editor/Data/Resources/UnitySubsystems
[Subsystems] Discovering subsystems at path C:/Users/mncoolno.1/OneDrive/Documents/GitHub/vision-MN-Cool/Vision Game/Assets
GfxDevice: creating device client; threaded=0
Direct3D:
    Version:  Direct3D 11.0 [level 11.1]
    Renderer: Intel(R) HD Graphics 520 (ID=0x1916)
    Vendor:   
    VRAM:     4040 MB
    Driver:   22.20.16.4836
Initialize mono
Mono path[0] = 'C:/Program Files/Unity/Editor/Data/Managed'
Mono path[1] = 'C:/Program Files/Unity/Editor/Data/MonoBleedingEdge/lib/mono/unityjit'
Mono config path = 'C:/Program Files/Unity/Editor/Data/MonoBleedingEdge/etc'
Using monoOptions --debugger-agent=transport=dt_socket,embedding=1,server=y,suspend=n,address=127.0.0.1:56244
Begin MonoManager ReloadAssembly
Registering precompiled unity dll's ...
Register platform support module: C:/Program Files/Unity/Editor/Data/PlaybackEngines/WindowsStandaloneSupport/UnityEditor.WindowsStandalone.Extensions.dll
Registered in 0.004736 seconds.
Native extension for WindowsStandalone target not found
Refreshing native plugins compatible for Editor in 175.77 ms, found 0 plugins.
Preloading 0 native plugins for Editor in 0.00 ms.
Invoked RoslynAnalysisRunner static constructor.
RoslynAnalysisRunner will not be running.
RoslynAnalysisRunner has terminated.
Mono: successfully reloaded assembly
- Completed reload, in  7.790 seconds
Platform modules already initialized, skipping
Registering precompiled user dll's ...
Registered in 0.004006 seconds.
Begin MonoManager ReloadAssembly
Native extension for WindowsStandalone target not found
Refreshing native plugins compatible for Editor in 115.45 ms, found 0 plugins.
Preloading 0 native plugins for Editor in 0.00 ms.
Invoked RoslynAnalysisRunner static constructor.
RoslynAnalysisRunner will not be running.
RoslynAnalysisRunner has terminated.
Mono: successfully reloaded assembly
- Completed reload, in  3.613 seconds
Platform modules already initialized, skipping
========================================================================
Worker process is ready to serve import requests
Shader 'Universal Render Pipeline/Particles/Lit': fallback shader 'Universal Render Pipeline/Particles/SimpleLit' not found
Shader 'Universal Render Pipeline/Particles/Lit': fallback shader 'Universal Render Pipeline/Particles/SimpleLit' not found
Launched and connected shader compiler UnityShaderCompiler.exe after 0.41 seconds
Refreshing native plugins compatible for Editor in 0.56 ms, found 0 plugins.
Preloading 0 native plugins for Editor in 0.00 ms.
Unloading 2417 Unused Serialized files (Serialized files now loaded: 0)
System memory in use before: 118.8 MB.
System memory in use after: 116.7 MB.

Unloading 41 unused Assets to reduce memory usage. Loaded Objects now: 2824.
Total: 8.403500 ms (FindLiveObjects: 0.596800 ms CreateObjectMapping: 0.280900 ms MarkObjects: 4.414900 ms  DeleteObjects: 3.108600 ms)

========================================================================
Received Import Request.
  path: Assets/Scripts/Timer.cs
  artifactKey: Guid(880b118a2d5c0694692860ef0cd1421b) Importer(815301076,1909f56bfc062723c751e8b465ee728b)
Start importing Assets/Scripts/Timer.cs using Guid(880b118a2d5c0694692860ef0cd1421b) Importer(815301076,1909f56bfc062723c751e8b465ee728b)  -> (artifact id: '4622c58bb43c33d6f7a342602d17b5b8') in 0.214432 seconds
  Import took 0.238220 seconds .

========================================================================
Received Import Request.
  Time since last request: 0.000486 seconds.
  path: Assets/Scripts/GameManager.cs
  artifactKey: Guid(4298ef01390cc8848acdaa4c65a1c07b) Importer(815301076,1909f56bfc062723c751e8b465ee728b)
Start importing Assets/Scripts/GameManager.cs using Guid(4298ef01390cc8848acdaa4c65a1c07b) Importer(815301076,1909f56bfc062723c751e8b465ee728b)  -> (artifact id: '30ecd6cc027a1a85a4b468922afa4478') in 0.129252 seconds
  Import took 0.149624 seconds .

========================================================================
Received Import Request.
  Time since last request: 0.000394 seconds.
  path: Assets/Scripts/ThirdPersonController.cs
  artifactKey: Guid(6bcd5808907c1b248b317c6ddc47deb4) Importer(815301076,1909f56bfc062723c751e8b465ee728b)
Start importing Assets/Scripts/ThirdPersonController.cs using Guid(6bcd5808907c1b248b317c6ddc47deb4) Importer(815301076,1909f56bfc062723c751e8b465ee728b)  -> (artifact id: 'cc202ca857b8f23f6b69e8f18dccc4ab') in 0.090755 seconds
  Import took 0.113571 seconds .

========================================================================
Received Import Request.
  Time since last request: 0.000387 seconds.
  path: Assets/Scripts/BulletMove.cs
  artifactKey: Guid(c138b745114e6b84690268e6af3c488d) Importer(815301076,1909f56bfc062723c751e8b465ee728b)
Start importing Assets/Scripts/BulletMove.cs using Guid(c138b745114e6b84690268e6af3c488d) Importer(815301076,1909f56bfc062723c751e8b465ee728b)  -> (artifact id: 'db66c8b46552fd28f2d29a90f57e5bf7') in 0.099296 seconds
  Import took 0.122992 seconds .

========================================================================
Received Import Request.
  Time since last request: 0.000141 seconds.
  path: Assets/Scripts/ShootingAttack.cs
  artifactKey: Guid(615ff9b48c73504499d453045f37b99c) Importer(815301076,1909f56bfc062723c751e8b465ee728b)
Start importing Assets/Scripts/ShootingAttack.cs using Guid(615ff9b48c73504499d453045f37b99c) Importer(815301076,1909f56bfc062723c751e8b465ee728b)  -> (artifact id: 'da378b9c48b9c8c6dbafe82b6297839e') in 0.080310 seconds
  Import took 0.110431 seconds .

