Using pre-set license
Built from '2020.2/release' branch; Version is '2020.2.2f1 (068178b99f32) revision 426360'; Using compiler version '192528614'; Build Type 'Release'
OS: 'Windows 10 Home; OS build 19041.928; Version 2004; 64bit' Language: 'en' Physical Memory: 8081 MB
BatchMode: 1, IsHumanControllingUs: 0, StartBugReporterOnCrash: 0, Is64bit: 1, IsPro: 0

 COMMAND LINE ARGUMENTS:
C:\Program Files\Unity\Editor\Unity.exe
-adb2
-batchMode
-noUpm
-name
AssetImportWorker0
-projectPath
C:/Users/mncoolno.1/OneDrive/Documents/GitHub/vision-MN-Cool/Vision Game
-logFile
Logs/AssetImportWorker0.log
-srvPort
63627
Successfully changed project path to: C:/Users/mncoolno.1/OneDrive/Documents/GitHub/vision-MN-Cool/Vision Game
C:/Users/mncoolno.1/OneDrive/Documents/GitHub/vision-MN-Cool/Vision Game
Using Asset Import Pipeline V2.
Refreshing native plugins compatible for Editor in 106.97 ms, found 0 plugins.
Preloading 0 native plugins for Editor in 0.00 ms.
Initialize engine version: 2020.2.2f1 (068178b99f32)
[Subsystems] Discovering subsystems at path C:/Program Files/Unity/Editor/Data/Resources/UnitySubsystems
[Subsystems] Discovering subsystems at path C:/Users/mncoolno.1/OneDrive/Documents/GitHub/vision-MN-Cool/Vision Game/Assets
GfxDevice: creating device client; threaded=0
Direct3D:
    Version:  Direct3D 11.0 [level 11.1]
    Renderer: Intel(R) HD Graphics 520 (ID=0x1916)
    Vendor:   
    VRAM:     4040 MB
    Driver:   22.20.16.4836
Initialize mono
Mono path[0] = 'C:/Program Files/Unity/Editor/Data/Managed'
Mono path[1] = 'C:/Program Files/Unity/Editor/Data/MonoBleedingEdge/lib/mono/unityjit'
Mono config path = 'C:/Program Files/Unity/Editor/Data/MonoBleedingEdge/etc'
Using monoOptions --debugger-agent=transport=dt_socket,embedding=1,server=y,suspend=n,address=127.0.0.1:56360
Begin MonoManager ReloadAssembly
Registering precompiled unity dll's ...
Register platform support module: C:/Program Files/Unity/Editor/Data/PlaybackEngines/WindowsStandaloneSupport/UnityEditor.WindowsStandalone.Extensions.dll
Registered in 0.004756 seconds.
Native extension for WindowsStandalone target not found
Refreshing native plugins compatible for Editor in 89.19 ms, found 0 plugins.
Preloading 0 native plugins for Editor in 0.00 ms.
Invoked RoslynAnalysisRunner static constructor.
RoslynAnalysisRunner will not be running.
RoslynAnalysisRunner has terminated.
Mono: successfully reloaded assembly
- Completed reload, in  2.895 seconds
Platform modules already initialized, skipping
Registering precompiled user dll's ...
Registered in 0.002646 seconds.
Begin MonoManager ReloadAssembly
Native extension for WindowsStandalone target not found
Refreshing native plugins compatible for Editor in 78.87 ms, found 0 plugins.
Preloading 0 native plugins for Editor in 0.00 ms.
Invoked RoslynAnalysisRunner static constructor.
RoslynAnalysisRunner will not be running.
RoslynAnalysisRunner has terminated.
Mono: successfully reloaded assembly
- Completed reload, in  2.463 seconds
Platform modules already initialized, skipping
========================================================================
Worker process is ready to serve import requests
Shader 'Universal Render Pipeline/Particles/Lit': fallback shader 'Universal Render Pipeline/Particles/SimpleLit' not found
Shader 'Universal Render Pipeline/Particles/Lit': fallback shader 'Universal Render Pipeline/Particles/SimpleLit' not found
Launched and connected shader compiler UnityShaderCompiler.exe after 3.34 seconds
Refreshing native plugins compatible for Editor in 0.94 ms, found 0 plugins.
Preloading 0 native plugins for Editor in 0.00 ms.
Unloading 2419 Unused Serialized files (Serialized files now loaded: 0)
System memory in use before: 118.7 MB.
System memory in use after: 116.7 MB.

Unloading 41 unused Assets to reduce memory usage. Loaded Objects now: 2826.
Total: 10.973000 ms (FindLiveObjects: 1.366800 ms CreateObjectMapping: 0.352100 ms MarkObjects: 6.578500 ms  DeleteObjects: 2.673300 ms)

========================================================================
Received Import Request.
  path: Assets/Prefabs/Player.prefab
  artifactKey: Guid(3792e47c408c5cd438d0c329c2c488e8) Importer(815301076,1909f56bfc062723c751e8b465ee728b)
Start importing Assets/Prefabs/Player.prefab using Guid(3792e47c408c5cd438d0c329c2c488e8) Importer(815301076,1909f56bfc062723c751e8b465ee728b)  -> (artifact id: '50e7270fbe2f718aa5dab3803caa0285') in 0.889252 seconds
  Import took 0.907063 seconds .

========================================================================
Received Prepare
Registering precompiled user dll's ...
Registered in 0.031112 seconds.
Begin MonoManager ReloadAssembly
Native extension for WindowsStandalone target not found
Refreshing native plugins compatible for Editor in 0.52 ms, found 0 plugins.
Preloading 0 native plugins for Editor in 0.00 ms.
Invoked RoslynAnalysisRunner static constructor.
RoslynAnalysisRunner will not be running.
RoslynAnalysisRunner has terminated.
Mono: successfully reloaded assembly
- Completed reload, in  2.650 seconds
Platform modules already initialized, skipping
Shader 'Universal Render Pipeline/Particles/Lit': fallback shader 'Universal Render Pipeline/Particles/SimpleLit' not found
Shader 'Universal Render Pipeline/Particles/Lit': fallback shader 'Universal Render Pipeline/Particles/SimpleLit' not found
Refreshing native plugins compatible for Editor in 0.74 ms, found 0 plugins.
Preloading 0 native plugins for Editor in 0.00 ms.
Unloading 2329 Unused Serialized files (Serialized files now loaded: 0)
System memory in use before: 120.8 MB.
System memory in use after: 118.8 MB.

Unloading 37 unused Assets to reduce memory usage. Loaded Objects now: 2874.
Total: 31.462400 ms (FindLiveObjects: 12.594600 ms CreateObjectMapping: 0.366200 ms MarkObjects: 10.268300 ms  DeleteObjects: 8.229300 ms)

========================================================================
Received Import Request.
  Time since last request: 564.146659 seconds.
  path: Assets/Scripts/PlayerAttack.cs
  artifactKey: Guid(b8bde17350b435e4ba78afad0222b945) Importer(815301076,1909f56bfc062723c751e8b465ee728b)
Start importing Assets/Scripts/PlayerAttack.cs using Guid(b8bde17350b435e4ba78afad0222b945) Importer(815301076,1909f56bfc062723c751e8b465ee728b)  -> (artifact id: '1ceee4adf1d34ae4f185acbb821ed97b') in 0.323387 seconds
  Import took 0.374988 seconds .

========================================================================
Received Import Request.
  Time since last request: 562.826203 seconds.
  path: Assets/Prefabs/Player.prefab
  artifactKey: Guid(3792e47c408c5cd438d0c329c2c488e8) Importer(815301076,1909f56bfc062723c751e8b465ee728b)
Start importing Assets/Prefabs/Player.prefab using Guid(3792e47c408c5cd438d0c329c2c488e8) Importer(815301076,1909f56bfc062723c751e8b465ee728b)  -> (artifact id: '7fb14d1f4754a38514dfe342c13a1785') in 2.189205 seconds
  Import took 2.238623 seconds .

========================================================================
Received Prepare
Registering precompiled user dll's ...
Registered in 0.004200 seconds.
Begin MonoManager ReloadAssembly
Native extension for WindowsStandalone target not found
Refreshing native plugins compatible for Editor in 1.18 ms, found 0 plugins.
Preloading 0 native plugins for Editor in 0.00 ms.
Invoked RoslynAnalysisRunner static constructor.
RoslynAnalysisRunner will not be running.
RoslynAnalysisRunner has terminated.
Mono: successfully reloaded assembly
- Completed reload, in  3.246 seconds
Platform modules already initialized, skipping
Shader 'Universal Render Pipeline/Particles/Lit': fallback shader 'Universal Render Pipeline/Particles/SimpleLit' not found
Shader 'Universal Render Pipeline/Particles/Lit': fallback shader 'Universal Render Pipeline/Particles/SimpleLit' not found
Refreshing native plugins compatible for Editor in 0.49 ms, found 0 plugins.
Preloading 0 native plugins for Editor in 0.00 ms.
Unloading 2329 Unused Serialized files (Serialized files now loaded: 0)
System memory in use before: 121.0 MB.
System memory in use after: 119.0 MB.

Unloading 37 unused Assets to reduce memory usage. Loaded Objects now: 2910.
Total: 11.395800 ms (FindLiveObjects: 0.623700 ms CreateObjectMapping: 0.349900 ms MarkObjects: 6.674900 ms  DeleteObjects: 3.744200 ms)

========================================================================
Received Import Request.
  Time since last request: 110.787513 seconds.
  path: Assets/Prefabs/Bullet Variant.prefab
  artifactKey: Guid(d4cdc2335b346884486f07ff3ee51702) Importer(815301076,1909f56bfc062723c751e8b465ee728b)
Start importing Assets/Prefabs/Bullet Variant.prefab using Guid(d4cdc2335b346884486f07ff3ee51702) Importer(815301076,1909f56bfc062723c751e8b465ee728b)  -> (artifact id: 'cdf779d399e65b6b28c3e19190a28232') in 0.725783 seconds
  Import took 0.747888 seconds .

========================================================================
Received Import Request.
  Time since last request: 49.971235 seconds.
  path: Assets/Prefabs/Bullet.prefab
  artifactKey: Guid(58ea44f4ca6d63e4c8b1b029252d6bef) Importer(815301076,1909f56bfc062723c751e8b465ee728b)
Start importing Assets/Prefabs/Bullet.prefab using Guid(58ea44f4ca6d63e4c8b1b029252d6bef) Importer(815301076,1909f56bfc062723c751e8b465ee728b)  -> (artifact id: '33b15ffa3420334fc5880cb3187f8e70') in 0.192617 seconds
  Import took 0.241866 seconds .

========================================================================
Received Import Request.
  Time since last request: 38.826846 seconds.
  path: Assets/Prefabs/Player.prefab
  artifactKey: Guid(3792e47c408c5cd438d0c329c2c488e8) Importer(815301076,1909f56bfc062723c751e8b465ee728b)
Start importing Assets/Prefabs/Player.prefab using Guid(3792e47c408c5cd438d0c329c2c488e8) Importer(815301076,1909f56bfc062723c751e8b465ee728b)  -> (artifact id: '5209682f496b775b9e504c4eeecb0102') in 0.141241 seconds
  Import took 0.157388 seconds .

========================================================================
Received Prepare
Registering precompiled user dll's ...
Registered in 0.004033 seconds.
Begin MonoManager ReloadAssembly
Native extension for WindowsStandalone target not found
Refreshing native plugins compatible for Editor in 0.79 ms, found 0 plugins.
Preloading 0 native plugins for Editor in 0.00 ms.
Invoked RoslynAnalysisRunner static constructor.
RoslynAnalysisRunner will not be running.
RoslynAnalysisRunner has terminated.
Mono: successfully reloaded assembly
- Completed reload, in  2.520 seconds
Platform modules already initialized, skipping
Shader 'Universal Render Pipeline/Particles/Lit': fallback shader 'Universal Render Pipeline/Particles/SimpleLit' not found
Shader 'Universal Render Pipeline/Particles/Lit': fallback shader 'Universal Render Pipeline/Particles/SimpleLit' not found
Refreshing native plugins compatible for Editor in 0.95 ms, found 0 plugins.
Preloading 0 native plugins for Editor in 0.00 ms.
Unloading 2329 Unused Serialized files (Serialized files now loaded: 0)
System memory in use before: 121.2 MB.
System memory in use after: 119.1 MB.

Unloading 37 unused Assets to reduce memory usage. Loaded Objects now: 2946.
Total: 41.174300 ms (FindLiveObjects: 0.561900 ms CreateObjectMapping: 0.287800 ms MarkObjects: 27.110100 ms  DeleteObjects: 13.210800 ms)

========================================================================
Received Import Request.
  Time since last request: 45.459716 seconds.
  path: Assets/Prefabs/Player.prefab
  artifactKey: Guid(3792e47c408c5cd438d0c329c2c488e8) Importer(815301076,1909f56bfc062723c751e8b465ee728b)
Start importing Assets/Prefabs/Player.prefab using Guid(3792e47c408c5cd438d0c329c2c488e8) Importer(815301076,1909f56bfc062723c751e8b465ee728b)  -> (artifact id: '251f3968722dab0cbb577d07cf03726e') in 0.480784 seconds
  Import took 0.508231 seconds .

========================================================================
Received Import Request.
  Time since last request: 18.858352 seconds.
  path: Assets/Prefabs/Bullet 1.prefab
  artifactKey: Guid(38f69628f42b9ea4791afb5832753a4c) Importer(815301076,1909f56bfc062723c751e8b465ee728b)
Start importing Assets/Prefabs/Bullet 1.prefab using Guid(38f69628f42b9ea4791afb5832753a4c) Importer(815301076,1909f56bfc062723c751e8b465ee728b)  -> (artifact id: '67c97980e19b921d2d35e8bd07cc2b34') in 0.252112 seconds
  Import took 0.270925 seconds .

========================================================================
Received Prepare
Registering precompiled user dll's ...
Registered in 0.002217 seconds.
Begin MonoManager ReloadAssembly
Native extension for WindowsStandalone target not found
Refreshing native plugins compatible for Editor in 0.83 ms, found 0 plugins.
Preloading 0 native plugins for Editor in 0.00 ms.
Invoked RoslynAnalysisRunner static constructor.
RoslynAnalysisRunner will not be running.
RoslynAnalysisRunner has terminated.
Mono: successfully reloaded assembly
- Completed reload, in  3.525 seconds
Platform modules already initialized, skipping
Shader 'Universal Render Pipeline/Particles/Lit': fallback shader 'Universal Render Pipeline/Particles/SimpleLit' not found
Shader 'Universal Render Pipeline/Particles/Lit': fallback shader 'Universal Render Pipeline/Particles/SimpleLit' not found
Refreshing native plugins compatible for Editor in 0.93 ms, found 0 plugins.
Preloading 0 native plugins for Editor in 0.00 ms.
Unloading 2329 Unused Serialized files (Serialized files now loaded: 0)
System memory in use before: 121.3 MB.
System memory in use after: 119.2 MB.

Unloading 37 unused Assets to reduce memory usage. Loaded Objects now: 2982.
Total: 9.525400 ms (FindLiveObjects: 0.580000 ms CreateObjectMapping: 0.290100 ms MarkObjects: 5.059300 ms  DeleteObjects: 3.593900 ms)

========================================================================
Received Import Request.
  Time since last request: 345.414218 seconds.
  path: Assets/Prefabs/Bullet.prefab
  artifactKey: Guid(58ea44f4ca6d63e4c8b1b029252d6bef) Importer(815301076,1909f56bfc062723c751e8b465ee728b)
Start importing Assets/Prefabs/Bullet.prefab using Guid(58ea44f4ca6d63e4c8b1b029252d6bef) Importer(815301076,1909f56bfc062723c751e8b465ee728b)  -> (artifact id: '416001d2d66b30d59b72585d45f6ee4d') in 3.778638 seconds
  Import took 3.817859 seconds .

========================================================================
Received Import Request.
  Time since last request: 20.011219 seconds.
  path: Assets/Prefabs/Player.prefab
  artifactKey: Guid(3792e47c408c5cd438d0c329c2c488e8) Importer(815301076,1909f56bfc062723c751e8b465ee728b)
Start importing Assets/Prefabs/Player.prefab using Guid(3792e47c408c5cd438d0c329c2c488e8) Importer(815301076,1909f56bfc062723c751e8b465ee728b)  -> (artifact id: '9ec8cdaeef27c44ddf34e0be257a682d') in 1.108585 seconds
  Import took 1.126742 seconds .

========================================================================
Received Prepare
Registering precompiled user dll's ...
Registered in 0.001962 seconds.
Begin MonoManager ReloadAssembly
Native extension for WindowsStandalone target not found
Refreshing native plugins compatible for Editor in 1.28 ms, found 0 plugins.
Preloading 0 native plugins for Editor in 0.00 ms.
Invoked RoslynAnalysisRunner static constructor.
RoslynAnalysisRunner will not be running.
RoslynAnalysisRunner has terminated.
Mono: successfully reloaded assembly
- Completed reload, in  5.534 seconds
Platform modules already initialized, skipping
Shader 'Universal Render Pipeline/Particles/Lit': fallback shader 'Universal Render Pipeline/Particles/SimpleLit' not found
Shader 'Universal Render Pipeline/Particles/Lit': fallback shader 'Universal Render Pipeline/Particles/SimpleLit' not found
Refreshing native plugins compatible for Editor in 0.51 ms, found 0 plugins.
Preloading 0 native plugins for Editor in 0.00 ms.
Unloading 2329 Unused Serialized files (Serialized files now loaded: 0)
System memory in use before: 121.3 MB.
System memory in use after: 119.3 MB.

Unloading 37 unused Assets to reduce memory usage. Loaded Objects now: 3018.
Total: 29.993900 ms (FindLiveObjects: 0.965700 ms CreateObjectMapping: 0.304200 ms MarkObjects: 25.590800 ms  DeleteObjects: 3.014500 ms)

========================================================================
Received Import Request.
  Time since last request: 122.296305 seconds.
  path: Assets/Prefabs/Bullet.prefab
  artifactKey: Guid(58ea44f4ca6d63e4c8b1b029252d6bef) Importer(815301076,1909f56bfc062723c751e8b465ee728b)
Start importing Assets/Prefabs/Bullet.prefab using Guid(58ea44f4ca6d63e4c8b1b029252d6bef) Importer(815301076,1909f56bfc062723c751e8b465ee728b)  -> (artifact id: '7548c6f7a9198dc12c9825ba934f0e97') in 0.859602 seconds
  Import took 0.876258 seconds .

========================================================================
Received Prepare
Registering precompiled user dll's ...
Registered in 0.003113 seconds.
Begin MonoManager ReloadAssembly
Native extension for WindowsStandalone target not found
Refreshing native plugins compatible for Editor in 0.49 ms, found 0 plugins.
Preloading 0 native plugins for Editor in 0.00 ms.
Invoked RoslynAnalysisRunner static constructor.
RoslynAnalysisRunner will not be running.
RoslynAnalysisRunner has terminated.
Mono: successfully reloaded assembly
- Completed reload, in  3.372 seconds
Platform modules already initialized, skipping
Shader 'Universal Render Pipeline/Particles/Lit': fallback shader 'Universal Render Pipeline/Particles/SimpleLit' not found
Shader 'Universal Render Pipeline/Particles/Lit': fallback shader 'Universal Render Pipeline/Particles/SimpleLit' not found
Refreshing native plugins compatible for Editor in 0.80 ms, found 0 plugins.
Preloading 0 native plugins for Editor in 0.00 ms.
Unloading 2329 Unused Serialized files (Serialized files now loaded: 0)
System memory in use before: 121.6 MB.
System memory in use after: 119.5 MB.

Unloading 37 unused Assets to reduce memory usage. Loaded Objects now: 3054.
Total: 10.891500 ms (FindLiveObjects: 0.580200 ms CreateObjectMapping: 0.271900 ms MarkObjects: 6.087700 ms  DeleteObjects: 3.948600 ms)

========================================================================
Received Prepare
Registering precompiled user dll's ...
Registered in 0.003586 seconds.
Begin MonoManager ReloadAssembly
Native extension for WindowsStandalone target not found
Refreshing native plugins compatible for Editor in 0.94 ms, found 0 plugins.
Preloading 0 native plugins for Editor in 0.00 ms.
Invoked RoslynAnalysisRunner static constructor.
RoslynAnalysisRunner will not be running.
RoslynAnalysisRunner has terminated.
Mono: successfully reloaded assembly
- Completed reload, in  3.775 seconds
Platform modules already initialized, skipping
Shader 'Universal Render Pipeline/Particles/Lit': fallback shader 'Universal Render Pipeline/Particles/SimpleLit' not found
Shader 'Universal Render Pipeline/Particles/Lit': fallback shader 'Universal Render Pipeline/Particles/SimpleLit' not found
Refreshing native plugins compatible for Editor in 1.03 ms, found 0 plugins.
Preloading 0 native plugins for Editor in 0.00 ms.
Unloading 2329 Unused Serialized files (Serialized files now loaded: 0)
System memory in use before: 121.6 MB.
System memory in use after: 119.5 MB.

Unloading 37 unused Assets to reduce memory usage. Loaded Objects now: 3054.
Total: 12.754700 ms (FindLiveObjects: 1.603200 ms CreateObjectMapping: 0.335000 ms MarkObjects: 7.823500 ms  DeleteObjects: 2.990400 ms)

========================================================================
Received Prepare
Registering precompiled user dll's ...
Registered in 0.006078 seconds.
Begin MonoManager ReloadAssembly
Native extension for WindowsStandalone target not found
Refreshing native plugins compatible for Editor in 0.81 ms, found 0 plugins.
Preloading 0 native plugins for Editor in 0.00 ms.
Invoked RoslynAnalysisRunner static constructor.
RoslynAnalysisRunner will not be running.
RoslynAnalysisRunner has terminated.
Mono: successfully reloaded assembly
- Completed reload, in  4.118 seconds
Platform modules already initialized, skipping
Shader 'Universal Render Pipeline/Particles/Lit': fallback shader 'Universal Render Pipeline/Particles/SimpleLit' not found
Shader 'Universal Render Pipeline/Particles/Lit': fallback shader 'Universal Render Pipeline/Particles/SimpleLit' not found
Refreshing native plugins compatible for Editor in 0.82 ms, found 0 plugins.
Preloading 0 native plugins for Editor in 0.00 ms.
Unloading 2329 Unused Serialized files (Serialized files now loaded: 0)
System memory in use before: 121.6 MB.
System memory in use after: 119.5 MB.

Unloading 37 unused Assets to reduce memory usage. Loaded Objects now: 3054.
Total: 11.447500 ms (FindLiveObjects: 0.512300 ms CreateObjectMapping: 0.235600 ms MarkObjects: 6.856700 ms  DeleteObjects: 3.839800 ms)

========================================================================
Received Prepare
Registering precompiled user dll's ...
Registered in 0.003811 seconds.
Begin MonoManager ReloadAssembly
Native extension for WindowsStandalone target not found
Refreshing native plugins compatible for Editor in 0.83 ms, found 0 plugins.
Preloading 0 native plugins for Editor in 0.00 ms.
Invoked RoslynAnalysisRunner static constructor.
RoslynAnalysisRunner will not be running.
RoslynAnalysisRunner has terminated.
Mono: successfully reloaded assembly
- Completed reload, in  4.353 seconds
Platform modules already initialized, skipping
Shader 'Universal Render Pipeline/Particles/Lit': fallback shader 'Universal Render Pipeline/Particles/SimpleLit' not found
Shader 'Universal Render Pipeline/Particles/Lit': fallback shader 'Universal Render Pipeline/Particles/SimpleLit' not found
Refreshing native plugins compatible for Editor in 0.94 ms, found 0 plugins.
Preloading 0 native plugins for Editor in 0.00 ms.
Unloading 2329 Unused Serialized files (Serialized files now loaded: 0)
System memory in use before: 121.6 MB.
System memory in use after: 119.5 MB.

Unloading 37 unused Assets to reduce memory usage. Loaded Objects now: 3054.
Total: 10.160400 ms (FindLiveObjects: 0.577000 ms CreateObjectMapping: 0.340300 ms MarkObjects: 4.721600 ms  DeleteObjects: 4.519000 ms)

========================================================================
Received Prepare
Registering precompiled user dll's ...
Registered in 0.003088 seconds.
Begin MonoManager ReloadAssembly
Native extension for WindowsStandalone target not found
Refreshing native plugins compatible for Editor in 0.80 ms, found 0 plugins.
Preloading 0 native plugins for Editor in 0.00 ms.
Invoked RoslynAnalysisRunner static constructor.
RoslynAnalysisRunner will not be running.
RoslynAnalysisRunner has terminated.
Mono: successfully reloaded assembly
- Completed reload, in  3.540 seconds
Platform modules already initialized, skipping
Shader 'Universal Render Pipeline/Particles/Lit': fallback shader 'Universal Render Pipeline/Particles/SimpleLit' not found
Shader 'Universal Render Pipeline/Particles/Lit': fallback shader 'Universal Render Pipeline/Particles/SimpleLit' not found
Refreshing native plugins compatible for Editor in 0.87 ms, found 0 plugins.
Preloading 0 native plugins for Editor in 0.00 ms.
Unloading 2329 Unused Serialized files (Serialized files now loaded: 0)
System memory in use before: 121.5 MB.
System memory in use after: 119.4 MB.

Unloading 37 unused Assets to reduce memory usage. Loaded Objects now: 3054.
Total: 13.535800 ms (FindLiveObjects: 0.621000 ms CreateObjectMapping: 0.342900 ms MarkObjects: 8.888200 ms  DeleteObjects: 3.680800 ms)

========================================================================
Received Prepare
Registering precompiled user dll's ...
Registered in 0.002797 seconds.
Begin MonoManager ReloadAssembly
Native extension for WindowsStandalone target not found
Refreshing native plugins compatible for Editor in 0.84 ms, found 0 plugins.
Preloading 0 native plugins for Editor in 0.00 ms.
Invoked RoslynAnalysisRunner static constructor.
RoslynAnalysisRunner will not be running.
RoslynAnalysisRunner has terminated.
Mono: successfully reloaded assembly
- Completed reload, in  6.693 seconds
Platform modules already initialized, skipping
Shader 'Universal Render Pipeline/Particles/Lit': fallback shader 'Universal Render Pipeline/Particles/SimpleLit' not found
Shader 'Universal Render Pipeline/Particles/Lit': fallback shader 'Universal Render Pipeline/Particles/SimpleLit' not found
Refreshing native plugins compatible for Editor in 0.89 ms, found 0 plugins.
Preloading 0 native plugins for Editor in 0.00 ms.
Unloading 2329 Unused Serialized files (Serialized files now loaded: 0)
System memory in use before: 121.6 MB.
System memory in use after: 119.5 MB.

Unloading 37 unused Assets to reduce memory usage. Loaded Objects now: 3054.
Total: 33.870100 ms (FindLiveObjects: 24.873500 ms CreateObjectMapping: 0.538300 ms MarkObjects: 5.407500 ms  DeleteObjects: 3.048000 ms)

========================================================================
Received Prepare
Registering precompiled user dll's ...
Registered in 0.004880 seconds.
Begin MonoManager ReloadAssembly
Native extension for WindowsStandalone target not found
Refreshing native plugins compatible for Editor in 0.82 ms, found 0 plugins.
Preloading 0 native plugins for Editor in 0.00 ms.
Invoked RoslynAnalysisRunner static constructor.
RoslynAnalysisRunner will not be running.
RoslynAnalysisRunner has terminated.
Mono: successfully reloaded assembly
- Completed reload, in  3.838 seconds
Platform modules already initialized, skipping
Shader 'Universal Render Pipeline/Particles/Lit': fallback shader 'Universal Render Pipeline/Particles/SimpleLit' not found
Shader 'Universal Render Pipeline/Particles/Lit': fallback shader 'Universal Render Pipeline/Particles/SimpleLit' not found
Refreshing native plugins compatible for Editor in 1.94 ms, found 0 plugins.
Preloading 0 native plugins for Editor in 0.00 ms.
Unloading 2329 Unused Serialized files (Serialized files now loaded: 0)
System memory in use before: 121.6 MB.
System memory in use after: 119.5 MB.

Unloading 37 unused Assets to reduce memory usage. Loaded Objects now: 3054.
Total: 11.781300 ms (FindLiveObjects: 0.565300 ms CreateObjectMapping: 0.470500 ms MarkObjects: 7.374200 ms  DeleteObjects: 3.368500 ms)

========================================================================
Received Prepare
Registering precompiled user dll's ...
Registered in 0.003864 seconds.
Begin MonoManager ReloadAssembly
Native extension for WindowsStandalone target not found
Refreshing native plugins compatible for Editor in 0.49 ms, found 0 plugins.
Preloading 0 native plugins for Editor in 0.00 ms.
Invoked RoslynAnalysisRunner static constructor.
RoslynAnalysisRunner will not be running.
RoslynAnalysisRunner has terminated.
Mono: successfully reloaded assembly
- Completed reload, in  2.507 seconds
Platform modules already initialized, skipping
Shader 'Universal Render Pipeline/Particles/Lit': fallback shader 'Universal Render Pipeline/Particles/SimpleLit' not found
Shader 'Universal Render Pipeline/Particles/Lit': fallback shader 'Universal Render Pipeline/Particles/SimpleLit' not found
Refreshing native plugins compatible for Editor in 0.95 ms, found 0 plugins.
Preloading 0 native plugins for Editor in 0.00 ms.
Unloading 2329 Unused Serialized files (Serialized files now loaded: 0)
System memory in use before: 121.6 MB.
System memory in use after: 119.5 MB.

Unloading 37 unused Assets to reduce memory usage. Loaded Objects now: 3054.
Total: 12.391400 ms (FindLiveObjects: 0.615500 ms CreateObjectMapping: 0.384100 ms MarkObjects: 7.314200 ms  DeleteObjects: 4.074700 ms)

========================================================================
Received Prepare
Registering precompiled user dll's ...
Registered in 0.005461 seconds.
Begin MonoManager ReloadAssembly
Native extension for WindowsStandalone target not found
Refreshing native plugins compatible for Editor in 1.01 ms, found 0 plugins.
Preloading 0 native plugins for Editor in 0.00 ms.
Invoked RoslynAnalysisRunner static constructor.
RoslynAnalysisRunner will not be running.
RoslynAnalysisRunner has terminated.
Mono: successfully reloaded assembly
- Completed reload, in  3.556 seconds
Platform modules already initialized, skipping
Shader 'Universal Render Pipeline/Particles/Lit': fallback shader 'Universal Render Pipeline/Particles/SimpleLit' not found
Shader 'Universal Render Pipeline/Particles/Lit': fallback shader 'Universal Render Pipeline/Particles/SimpleLit' not found
Refreshing native plugins compatible for Editor in 0.83 ms, found 0 plugins.
Preloading 0 native plugins for Editor in 0.00 ms.
Unloading 2329 Unused Serialized files (Serialized files now loaded: 0)
System memory in use before: 121.6 MB.
System memory in use after: 119.5 MB.

Unloading 37 unused Assets to reduce memory usage. Loaded Objects now: 3054.
Total: 12.194100 ms (FindLiveObjects: 0.529600 ms CreateObjectMapping: 0.249300 ms MarkObjects: 6.823200 ms  DeleteObjects: 4.589500 ms)

========================================================================
Received Prepare
Registering precompiled user dll's ...
Registered in 0.003070 seconds.
Begin MonoManager ReloadAssembly
Native extension for WindowsStandalone target not found
Refreshing native plugins compatible for Editor in 0.54 ms, found 0 plugins.
Preloading 0 native plugins for Editor in 0.00 ms.
Invoked RoslynAnalysisRunner static constructor.
RoslynAnalysisRunner will not be running.
RoslynAnalysisRunner has terminated.
Mono: successfully reloaded assembly
- Completed reload, in  2.826 seconds
Platform modules already initialized, skipping
Shader 'Universal Render Pipeline/Particles/Lit': fallback shader 'Universal Render Pipeline/Particles/SimpleLit' not found
Shader 'Universal Render Pipeline/Particles/Lit': fallback shader 'Universal Render Pipeline/Particles/SimpleLit' not found
Refreshing native plugins compatible for Editor in 1.45 ms, found 0 plugins.
Preloading 0 native plugins for Editor in 0.00 ms.
Unloading 2329 Unused Serialized files (Serialized files now loaded: 0)
System memory in use before: 121.5 MB.
System memory in use after: 119.4 MB.

Unloading 37 unused Assets to reduce memory usage. Loaded Objects now: 3054.
Total: 16.138500 ms (FindLiveObjects: 0.664500 ms CreateObjectMapping: 0.271000 ms MarkObjects: 6.046500 ms  DeleteObjects: 9.153300 ms)

========================================================================
Received Prepare
Registering precompiled user dll's ...
Registered in 0.003073 seconds.
Begin MonoManager ReloadAssembly
Native extension for WindowsStandalone target not found
Refreshing native plugins compatible for Editor in 0.83 ms, found 0 plugins.
Preloading 0 native plugins for Editor in 0.00 ms.
Invoked RoslynAnalysisRunner static constructor.
RoslynAnalysisRunner will not be running.
RoslynAnalysisRunner has terminated.
Mono: successfully reloaded assembly
- Completed reload, in  3.862 seconds
Platform modules already initialized, skipping
Shader 'Universal Render Pipeline/Particles/Lit': fallback shader 'Universal Render Pipeline/Particles/SimpleLit' not found
Shader 'Universal Render Pipeline/Particles/Lit': fallback shader 'Universal Render Pipeline/Particles/SimpleLit' not found
Refreshing native plugins compatible for Editor in 0.94 ms, found 0 plugins.
Preloading 0 native plugins for Editor in 0.00 ms.
Unloading 2329 Unused Serialized files (Serialized files now loaded: 0)
System memory in use before: 121.6 MB.
System memory in use after: 119.5 MB.

Unloading 37 unused Assets to reduce memory usage. Loaded Objects now: 3054.
Total: 13.965100 ms (FindLiveObjects: 0.580100 ms CreateObjectMapping: 0.707400 ms MarkObjects: 9.115100 ms  DeleteObjects: 3.559400 ms)

========================================================================
Received Import Request.
  Time since last request: 1121.468443 seconds.
  path: Assets/Prefabs/Enemy.prefab
  artifactKey: Guid(730b76f99a9667547a745aa58bcf3ee4) Importer(815301076,1909f56bfc062723c751e8b465ee728b)
Start importing Assets/Prefabs/Enemy.prefab using Guid(730b76f99a9667547a745aa58bcf3ee4) Importer(815301076,1909f56bfc062723c751e8b465ee728b)  -> (artifact id: '0f6bfa8d0c2dda83280e6f5054d4fe52') in 1.386889 seconds
  Import took 1.406913 seconds .

========================================================================
Received Import Request.
  Time since last request: 39.853375 seconds.
  path: Assets/Prefabs/GameManager.prefab
  artifactKey: Guid(41fcf33b6ac33b749a15d0deef12bc78) Importer(815301076,1909f56bfc062723c751e8b465ee728b)
Start importing Assets/Prefabs/GameManager.prefab using Guid(41fcf33b6ac33b749a15d0deef12bc78) Importer(815301076,1909f56bfc062723c751e8b465ee728b)  -> (artifact id: '6df21f6c33a03942d263932bee97c3f6') in 0.244372 seconds
  Import took 0.265489 seconds .

========================================================================
Received Prepare
Registering precompiled user dll's ...
Registered in 0.003925 seconds.
Begin MonoManager ReloadAssembly
Native extension for WindowsStandalone target not found
Refreshing native plugins compatible for Editor in 3.09 ms, found 0 plugins.
Preloading 0 native plugins for Editor in 0.00 ms.
Invoked RoslynAnalysisRunner static constructor.
RoslynAnalysisRunner will not be running.
RoslynAnalysisRunner has terminated.
Mono: successfully reloaded assembly
- Completed reload, in  5.744 seconds
Platform modules already initialized, skipping
Shader 'Universal Render Pipeline/Particles/Lit': fallback shader 'Universal Render Pipeline/Particles/SimpleLit' not found
Shader 'Universal Render Pipeline/Particles/Lit': fallback shader 'Universal Render Pipeline/Particles/SimpleLit' not found
Refreshing native plugins compatible for Editor in 0.96 ms, found 0 plugins.
Preloading 0 native plugins for Editor in 0.00 ms.
Unloading 2329 Unused Serialized files (Serialized files now loaded: 0)
System memory in use before: 121.8 MB.
System memory in use after: 119.7 MB.

Unloading 37 unused Assets to reduce memory usage. Loaded Objects now: 3090.
Total: 9.043600 ms (FindLiveObjects: 0.527300 ms CreateObjectMapping: 0.235000 ms MarkObjects: 4.817400 ms  DeleteObjects: 3.461000 ms)

========================================================================
Received Prepare
Registering precompiled user dll's ...
Registered in 0.014126 seconds.
Begin MonoManager ReloadAssembly
Native extension for WindowsStandalone target not found
Refreshing native plugins compatible for Editor in 1.09 ms, found 0 plugins.
Preloading 0 native plugins for Editor in 0.00 ms.
Invoked RoslynAnalysisRunner static constructor.
RoslynAnalysisRunner will not be running.
RoslynAnalysisRunner has terminated.
Mono: successfully reloaded assembly
- Completed reload, in  5.886 seconds
Platform modules already initialized, skipping
Shader 'Universal Render Pipeline/Particles/Lit': fallback shader 'Universal Render Pipeline/Particles/SimpleLit' not found
Shader 'Universal Render Pipeline/Particles/Lit': fallback shader 'Universal Render Pipeline/Particles/SimpleLit' not found
Refreshing native plugins compatible for Editor in 37.38 ms, found 0 plugins.
Preloading 0 native plugins for Editor in 0.00 ms.
Unloading 2329 Unused Serialized files (Serialized files now loaded: 0)
System memory in use before: 121.8 MB.
System memory in use after: 119.7 MB.

Unloading 37 unused Assets to reduce memory usage. Loaded Objects now: 3090.
Total: 95.471100 ms (FindLiveObjects: 7.522700 ms CreateObjectMapping: 1.085400 ms MarkObjects: 80.504200 ms  DeleteObjects: 6.356300 ms)

========================================================================
Received Prepare
Registering precompiled user dll's ...
Registered in 0.003348 seconds.
Begin MonoManager ReloadAssembly
Native extension for WindowsStandalone target not found
Refreshing native plugins compatible for Editor in 0.56 ms, found 0 plugins.
Preloading 0 native plugins for Editor in 0.00 ms.
Invoked RoslynAnalysisRunner static constructor.
RoslynAnalysisRunner will not be running.
RoslynAnalysisRunner has terminated.
Mono: successfully reloaded assembly
- Completed reload, in  3.493 seconds
Platform modules already initialized, skipping
Shader 'Universal Render Pipeline/Particles/Lit': fallback shader 'Universal Render Pipeline/Particles/SimpleLit' not found
Shader 'Universal Render Pipeline/Particles/Lit': fallback shader 'Universal Render Pipeline/Particles/SimpleLit' not found
Refreshing native plugins compatible for Editor in 1.09 ms, found 0 plugins.
Preloading 0 native plugins for Editor in 0.00 ms.
Unloading 2329 Unused Serialized files (Serialized files now loaded: 0)
System memory in use before: 121.8 MB.
System memory in use after: 119.7 MB.

Unloading 37 unused Assets to reduce memory usage. Loaded Objects now: 3090.
Total: 15.930000 ms (FindLiveObjects: 0.530600 ms CreateObjectMapping: 0.218200 ms MarkObjects: 5.006200 ms  DeleteObjects: 10.172400 ms)

========================================================================
Received Prepare
Registering precompiled user dll's ...
Registered in 0.002633 seconds.
Begin MonoManager ReloadAssembly
Native extension for WindowsStandalone target not found
Refreshing native plugins compatible for Editor in 0.87 ms, found 0 plugins.
Preloading 0 native plugins for Editor in 0.00 ms.
Invoked RoslynAnalysisRunner static constructor.
RoslynAnalysisRunner will not be running.
RoslynAnalysisRunner has terminated.
Mono: successfully reloaded assembly
- Completed reload, in  6.694 seconds
Platform modules already initialized, skipping
Shader 'Universal Render Pipeline/Particles/Lit': fallback shader 'Universal Render Pipeline/Particles/SimpleLit' not found
Shader 'Universal Render Pipeline/Particles/Lit': fallback shader 'Universal Render Pipeline/Particles/SimpleLit' not found
Refreshing native plugins compatible for Editor in 0.58 ms, found 0 plugins.
Preloading 0 native plugins for Editor in 0.00 ms.
Unloading 2329 Unused Serialized files (Serialized files now loaded: 0)
System memory in use before: 121.7 MB.
System memory in use after: 119.6 MB.

Unloading 37 unused Assets to reduce memory usage. Loaded Objects now: 3090.
Total: 8.447600 ms (FindLiveObjects: 0.516400 ms CreateObjectMapping: 0.377000 ms MarkObjects: 4.856400 ms  DeleteObjects: 2.695500 ms)

========================================================================
Received Prepare
Registering precompiled user dll's ...
Registered in 0.002948 seconds.
Begin MonoManager ReloadAssembly
Native extension for WindowsStandalone target not found
Refreshing native plugins compatible for Editor in 0.48 ms, found 0 plugins.
Preloading 0 native plugins for Editor in 0.00 ms.
Invoked RoslynAnalysisRunner static constructor.
RoslynAnalysisRunner will not be running.
RoslynAnalysisRunner has terminated.
Mono: successfully reloaded assembly
- Completed reload, in  2.503 seconds
Platform modules already initialized, skipping
Shader 'Universal Render Pipeline/Particles/Lit': fallback shader 'Universal Render Pipeline/Particles/SimpleLit' not found
Shader 'Universal Render Pipeline/Particles/Lit': fallback shader 'Universal Render Pipeline/Particles/SimpleLit' not found
Refreshing native plugins compatible for Editor in 0.82 ms, found 0 plugins.
Preloading 0 native plugins for Editor in 0.00 ms.
Unloading 2329 Unused Serialized files (Serialized files now loaded: 0)
System memory in use before: 121.8 MB.
System memory in use after: 119.7 MB.

Unloading 37 unused Assets to reduce memory usage. Loaded Objects now: 3090.
Total: 11.735800 ms (FindLiveObjects: 0.564800 ms CreateObjectMapping: 0.284000 ms MarkObjects: 6.975200 ms  DeleteObjects: 3.908800 ms)

========================================================================
Received Prepare
Registering precompiled user dll's ...
Registered in 0.005362 seconds.
Begin MonoManager ReloadAssembly
Native extension for WindowsStandalone target not found
Refreshing native plugins compatible for Editor in 0.86 ms, found 0 plugins.
Preloading 0 native plugins for Editor in 0.00 ms.
Invoked RoslynAnalysisRunner static constructor.
RoslynAnalysisRunner will not be running.
RoslynAnalysisRunner has terminated.
Mono: successfully reloaded assembly
- Completed reload, in  3.592 seconds
Platform modules already initialized, skipping
Shader 'Universal Render Pipeline/Particles/Lit': fallback shader 'Universal Render Pipeline/Particles/SimpleLit' not found
Shader 'Universal Render Pipeline/Particles/Lit': fallback shader 'Universal Render Pipeline/Particles/SimpleLit' not found
Refreshing native plugins compatible for Editor in 0.89 ms, found 0 plugins.
Preloading 0 native plugins for Editor in 0.00 ms.
Unloading 2329 Unused Serialized files (Serialized files now loaded: 0)
System memory in use before: 121.8 MB.
System memory in use after: 119.7 MB.

Unloading 37 unused Assets to reduce memory usage. Loaded Objects now: 3090.
Total: 14.261300 ms (FindLiveObjects: 1.842100 ms CreateObjectMapping: 0.513200 ms MarkObjects: 8.124400 ms  DeleteObjects: 3.778300 ms)

========================================================================
Received Prepare
Registering precompiled user dll's ...
Registered in 0.003711 seconds.
Begin MonoManager ReloadAssembly
Native extension for WindowsStandalone target not found
Refreshing native plugins compatible for Editor in 0.51 ms, found 0 plugins.
Preloading 0 native plugins for Editor in 0.00 ms.
Invoked RoslynAnalysisRunner static constructor.
RoslynAnalysisRunner will not be running.
RoslynAnalysisRunner has terminated.
Mono: successfully reloaded assembly
- Completed reload, in  4.394 seconds
Platform modules already initialized, skipping
Shader 'Universal Render Pipeline/Particles/Lit': fallback shader 'Universal Render Pipeline/Particles/SimpleLit' not found
Shader 'Universal Render Pipeline/Particles/Lit': fallback shader 'Universal Render Pipeline/Particles/SimpleLit' not found
Refreshing native plugins compatible for Editor in 0.86 ms, found 0 plugins.
Preloading 0 native plugins for Editor in 0.00 ms.
Unloading 2329 Unused Serialized files (Serialized files now loaded: 0)
System memory in use before: 121.8 MB.
System memory in use after: 119.7 MB.

Unloading 37 unused Assets to reduce memory usage. Loaded Objects now: 3090.
Total: 10.904300 ms (FindLiveObjects: 0.678400 ms CreateObjectMapping: 0.310900 ms MarkObjects: 5.461400 ms  DeleteObjects: 4.448500 ms)

