Using pre-set license
Built from '2020.2/release' branch; Version is '2020.2.2f1 (068178b99f32) revision 426360'; Using compiler version '192528614'; Build Type 'Release'
OS: 'Windows 10 Home; OS build 19041.928; Version 2004; 64bit' Language: 'en' Physical Memory: 8081 MB
BatchMode: 1, IsHumanControllingUs: 0, StartBugReporterOnCrash: 0, Is64bit: 1, IsPro: 0

 COMMAND LINE ARGUMENTS:
C:\Program Files\Unity\Editor\Unity.exe
-adb2
-batchMode
-noUpm
-name
AssetImportWorker4
-projectPath
C:/Users/mncoolno.1/OneDrive/Documents/GitHub/vision-MN-Cool/Vision Game
-logFile
Logs/AssetImportWorker4.log
-srvPort
55914
Successfully changed project path to: C:/Users/mncoolno.1/OneDrive/Documents/GitHub/vision-MN-Cool/Vision Game
C:/Users/mncoolno.1/OneDrive/Documents/GitHub/vision-MN-Cool/Vision Game
Using Asset Import Pipeline V2.
Refreshing native plugins compatible for Editor in 64.01 ms, found 0 plugins.
Preloading 0 native plugins for Editor in 0.00 ms.
Initialize engine version: 2020.2.2f1 (068178b99f32)
[Subsystems] Discovering subsystems at path C:/Program Files/Unity/Editor/Data/Resources/UnitySubsystems
[Subsystems] Discovering subsystems at path C:/Users/mncoolno.1/OneDrive/Documents/GitHub/vision-MN-Cool/Vision Game/Assets
GfxDevice: creating device client; threaded=0
Direct3D:
    Version:  Direct3D 11.0 [level 11.1]
    Renderer: Intel(R) HD Graphics 520 (ID=0x1916)
    Vendor:   
    VRAM:     4040 MB
    Driver:   22.20.16.4836
Initialize mono
Mono path[0] = 'C:/Program Files/Unity/Editor/Data/Managed'
Mono path[1] = 'C:/Program Files/Unity/Editor/Data/MonoBleedingEdge/lib/mono/unityjit'
Mono config path = 'C:/Program Files/Unity/Editor/Data/MonoBleedingEdge/etc'
Using monoOptions --debugger-agent=transport=dt_socket,embedding=1,server=y,suspend=n,address=127.0.0.1:56888
Begin MonoManager ReloadAssembly
Registering precompiled unity dll's ...
Register platform support module: C:/Program Files/Unity/Editor/Data/PlaybackEngines/WindowsStandaloneSupport/UnityEditor.WindowsStandalone.Extensions.dll
Registered in 0.004292 seconds.
Native extension for WindowsStandalone target not found
Refreshing native plugins compatible for Editor in 136.16 ms, found 0 plugins.
Preloading 0 native plugins for Editor in 0.00 ms.
Invoked RoslynAnalysisRunner static constructor.
RoslynAnalysisRunner will not be running.
RoslynAnalysisRunner has terminated.
Mono: successfully reloaded assembly
- Completed reload, in  2.719 seconds
Platform modules already initialized, skipping
Registering precompiled user dll's ...
Registered in 0.002927 seconds.
Begin MonoManager ReloadAssembly
Native extension for WindowsStandalone target not found
Refreshing native plugins compatible for Editor in 87.78 ms, found 0 plugins.
Preloading 0 native plugins for Editor in 0.00 ms.
Invoked RoslynAnalysisRunner static constructor.
RoslynAnalysisRunner will not be running.
RoslynAnalysisRunner has terminated.
Mono: successfully reloaded assembly
- Completed reload, in  3.875 seconds
Platform modules already initialized, skipping
========================================================================
Worker process is ready to serve import requests
Shader 'Universal Render Pipeline/Particles/Lit': fallback shader 'Universal Render Pipeline/Particles/SimpleLit' not found
Shader 'Universal Render Pipeline/Particles/Lit': fallback shader 'Universal Render Pipeline/Particles/SimpleLit' not found
Launched and connected shader compiler UnityShaderCompiler.exe after 0.19 seconds
Refreshing native plugins compatible for Editor in 0.80 ms, found 0 plugins.
Preloading 0 native plugins for Editor in 0.00 ms.
Unloading 2420 Unused Serialized files (Serialized files now loaded: 0)
System memory in use before: 118.7 MB.
System memory in use after: 116.7 MB.

Unloading 41 unused Assets to reduce memory usage. Loaded Objects now: 2827.
Total: 14.483400 ms (FindLiveObjects: 1.965300 ms CreateObjectMapping: 0.304100 ms MarkObjects: 9.389500 ms  DeleteObjects: 2.812600 ms)

========================================================================
Received Import Request.
  path: Assets/Prefabs/Player.prefab
  artifactKey: Guid(3792e47c408c5cd438d0c329c2c488e8) Importer(815301076,1909f56bfc062723c751e8b465ee728b)
Start importing Assets/Prefabs/Player.prefab using Guid(3792e47c408c5cd438d0c329c2c488e8) Importer(815301076,1909f56bfc062723c751e8b465ee728b)  -> (artifact id: '722400c141e119696aa40c2596d2b107') in 1.384723 seconds
  Import took 1.407661 seconds .

========================================================================
Received Prepare
Registering precompiled user dll's ...
Registered in 0.003309 seconds.
Begin MonoManager ReloadAssembly
Native extension for WindowsStandalone target not found
Refreshing native plugins compatible for Editor in 0.52 ms, found 0 plugins.
Preloading 0 native plugins for Editor in 0.00 ms.
Invoked RoslynAnalysisRunner static constructor.
RoslynAnalysisRunner will not be running.
RoslynAnalysisRunner has terminated.
Mono: successfully reloaded assembly
- Completed reload, in  1.862 seconds
Platform modules already initialized, skipping
Shader 'Universal Render Pipeline/Particles/Lit': fallback shader 'Universal Render Pipeline/Particles/SimpleLit' not found
Shader 'Universal Render Pipeline/Particles/Lit': fallback shader 'Universal Render Pipeline/Particles/SimpleLit' not found
Refreshing native plugins compatible for Editor in 0.92 ms, found 0 plugins.
Preloading 0 native plugins for Editor in 0.00 ms.
Unloading 2330 Unused Serialized files (Serialized files now loaded: 0)
System memory in use before: 120.9 MB.
System memory in use after: 118.8 MB.

Unloading 37 unused Assets to reduce memory usage. Loaded Objects now: 2875.
Total: 12.880100 ms (FindLiveObjects: 0.543800 ms CreateObjectMapping: 0.260400 ms MarkObjects: 8.555800 ms  DeleteObjects: 3.517500 ms)

========================================================================
Received Prepare
Registering precompiled user dll's ...
Registered in 0.002215 seconds.
Begin MonoManager ReloadAssembly
Native extension for WindowsStandalone target not found
Refreshing native plugins compatible for Editor in 0.53 ms, found 0 plugins.
Preloading 0 native plugins for Editor in 0.00 ms.
Invoked RoslynAnalysisRunner static constructor.
RoslynAnalysisRunner will not be running.
RoslynAnalysisRunner has terminated.
Mono: successfully reloaded assembly
- Completed reload, in  2.096 seconds
Platform modules already initialized, skipping
Shader 'Universal Render Pipeline/Particles/Lit': fallback shader 'Universal Render Pipeline/Particles/SimpleLit' not found
Shader 'Universal Render Pipeline/Particles/Lit': fallback shader 'Universal Render Pipeline/Particles/SimpleLit' not found
Refreshing native plugins compatible for Editor in 0.84 ms, found 0 plugins.
Preloading 0 native plugins for Editor in 0.00 ms.
Unloading 2330 Unused Serialized files (Serialized files now loaded: 0)
System memory in use before: 120.9 MB.
System memory in use after: 118.8 MB.

Unloading 37 unused Assets to reduce memory usage. Loaded Objects now: 2875.
Total: 9.108700 ms (FindLiveObjects: 1.702800 ms CreateObjectMapping: 0.374700 ms MarkObjects: 4.327400 ms  DeleteObjects: 2.690000 ms)

========================================================================
Received Prepare
Registering precompiled user dll's ...
Registered in 0.006686 seconds.
Begin MonoManager ReloadAssembly
Native extension for WindowsStandalone target not found
Refreshing native plugins compatible for Editor in 0.60 ms, found 0 plugins.
Preloading 0 native plugins for Editor in 0.00 ms.
Invoked RoslynAnalysisRunner static constructor.
RoslynAnalysisRunner will not be running.
RoslynAnalysisRunner has terminated.
Mono: successfully reloaded assembly
- Completed reload, in  1.656 seconds
Platform modules already initialized, skipping
Shader 'Universal Render Pipeline/Particles/Lit': fallback shader 'Universal Render Pipeline/Particles/SimpleLit' not found
Shader 'Universal Render Pipeline/Particles/Lit': fallback shader 'Universal Render Pipeline/Particles/SimpleLit' not found
Refreshing native plugins compatible for Editor in 0.90 ms, found 0 plugins.
Preloading 0 native plugins for Editor in 0.00 ms.
Unloading 2330 Unused Serialized files (Serialized files now loaded: 0)
System memory in use before: 120.9 MB.
System memory in use after: 118.9 MB.

Unloading 37 unused Assets to reduce memory usage. Loaded Objects now: 2875.
Total: 9.553300 ms (FindLiveObjects: 0.608200 ms CreateObjectMapping: 0.260600 ms MarkObjects: 4.797500 ms  DeleteObjects: 3.883900 ms)

========================================================================
Received Import Request.
  Time since last request: 1597.494124 seconds.
  path: Assets/Prefabs/Player.prefab
  artifactKey: Guid(3792e47c408c5cd438d0c329c2c488e8) Importer(815301076,1909f56bfc062723c751e8b465ee728b)
Start importing Assets/Prefabs/Player.prefab using Guid(3792e47c408c5cd438d0c329c2c488e8) Importer(815301076,1909f56bfc062723c751e8b465ee728b)  -> (artifact id: '10d0de1f83ee5bcfee5863f9d2a49d3a') in 0.591290 seconds
  Import took 0.612358 seconds .

========================================================================
Received Prepare
Registering precompiled user dll's ...
Registered in 0.003018 seconds.
Begin MonoManager ReloadAssembly
Native extension for WindowsStandalone target not found
Refreshing native plugins compatible for Editor in 0.53 ms, found 0 plugins.
Preloading 0 native plugins for Editor in 0.00 ms.
Invoked RoslynAnalysisRunner static constructor.
RoslynAnalysisRunner will not be running.
RoslynAnalysisRunner has terminated.
Mono: successfully reloaded assembly
- Completed reload, in  2.241 seconds
Platform modules already initialized, skipping
Shader 'Universal Render Pipeline/Particles/Lit': fallback shader 'Universal Render Pipeline/Particles/SimpleLit' not found
Shader 'Universal Render Pipeline/Particles/Lit': fallback shader 'Universal Render Pipeline/Particles/SimpleLit' not found
Refreshing native plugins compatible for Editor in 1.40 ms, found 0 plugins.
Preloading 0 native plugins for Editor in 0.00 ms.
Unloading 2330 Unused Serialized files (Serialized files now loaded: 0)
System memory in use before: 121.1 MB.
System memory in use after: 119.0 MB.

Unloading 37 unused Assets to reduce memory usage. Loaded Objects now: 2911.
Total: 10.044600 ms (FindLiveObjects: 0.547900 ms CreateObjectMapping: 0.249800 ms MarkObjects: 5.244600 ms  DeleteObjects: 3.999500 ms)

========================================================================
Received Import Request.
  Time since last request: 59.696500 seconds.
  path: Assets/Prefabs/Player.prefab
  artifactKey: Guid(3792e47c408c5cd438d0c329c2c488e8) Importer(815301076,1909f56bfc062723c751e8b465ee728b)
Start importing Assets/Prefabs/Player.prefab using Guid(3792e47c408c5cd438d0c329c2c488e8) Importer(815301076,1909f56bfc062723c751e8b465ee728b)  -> (artifact id: '351789a0c965df8f1fd145e767b88845') in 0.413255 seconds
  Import took 0.433388 seconds .

========================================================================
Received Import Request.
  Time since last request: 0.831786 seconds.
  path: Assets/Prefabs/Player.prefab
  artifactKey: Guid(3792e47c408c5cd438d0c329c2c488e8) Importer(815301076,1909f56bfc062723c751e8b465ee728b)
Start importing Assets/Prefabs/Player.prefab using Guid(3792e47c408c5cd438d0c329c2c488e8) Importer(815301076,1909f56bfc062723c751e8b465ee728b)  -> (artifact id: '489b95b713b81d9b1edae29358b13cc0') in 0.035919 seconds
  Import took 0.083248 seconds .

========================================================================
Received Import Request.
  Time since last request: 7.771284 seconds.
  path: Assets/Prefabs/Player.prefab
  artifactKey: Guid(3792e47c408c5cd438d0c329c2c488e8) Importer(815301076,1909f56bfc062723c751e8b465ee728b)
Start importing Assets/Prefabs/Player.prefab using Guid(3792e47c408c5cd438d0c329c2c488e8) Importer(815301076,1909f56bfc062723c751e8b465ee728b)  -> (artifact id: 'c33edb453de82d28ce56ca58a4fe6cae') in 0.047488 seconds
  Import took 0.067604 seconds .

========================================================================
Received Import Request.
  Time since last request: 1.354446 seconds.
  path: Assets/Prefabs/Player.prefab
  artifactKey: Guid(3792e47c408c5cd438d0c329c2c488e8) Importer(815301076,1909f56bfc062723c751e8b465ee728b)
Start importing Assets/Prefabs/Player.prefab using Guid(3792e47c408c5cd438d0c329c2c488e8) Importer(815301076,1909f56bfc062723c751e8b465ee728b)  -> (artifact id: 'daa795b2f773f1d7e24936d7e811347b') in 0.051216 seconds
  Import took 0.095487 seconds .

========================================================================
Received Import Request.
  Time since last request: 7.205679 seconds.
  path: Assets/Prefabs/Player.prefab
  artifactKey: Guid(3792e47c408c5cd438d0c329c2c488e8) Importer(815301076,1909f56bfc062723c751e8b465ee728b)
Start importing Assets/Prefabs/Player.prefab using Guid(3792e47c408c5cd438d0c329c2c488e8) Importer(815301076,1909f56bfc062723c751e8b465ee728b)  -> (artifact id: '79eee1f612990adb9af86a9833674477') in 0.040241 seconds
  Import took 0.061521 seconds .

========================================================================
Received Import Request.
  Time since last request: 1.274076 seconds.
  path: Assets/Prefabs/Player.prefab
  artifactKey: Guid(3792e47c408c5cd438d0c329c2c488e8) Importer(815301076,1909f56bfc062723c751e8b465ee728b)
Start importing Assets/Prefabs/Player.prefab using Guid(3792e47c408c5cd438d0c329c2c488e8) Importer(815301076,1909f56bfc062723c751e8b465ee728b)  -> (artifact id: '7fa3ea5187c0562dce1440326a62b5ac') in 0.045180 seconds
  Import took 0.066930 seconds .

========================================================================
Received Import Request.
  Time since last request: 14.026899 seconds.
  path: Assets/Prefabs/Player.prefab
  artifactKey: Guid(3792e47c408c5cd438d0c329c2c488e8) Importer(815301076,1909f56bfc062723c751e8b465ee728b)
Start importing Assets/Prefabs/Player.prefab using Guid(3792e47c408c5cd438d0c329c2c488e8) Importer(815301076,1909f56bfc062723c751e8b465ee728b)  -> (artifact id: '3b5e58ce9ef54ebbc44654b11da6c6d2') in 0.079753 seconds
  Import took 0.119840 seconds .

========================================================================
Received Import Request.
  Time since last request: 1.168074 seconds.
  path: Assets/Prefabs/Player.prefab
  artifactKey: Guid(3792e47c408c5cd438d0c329c2c488e8) Importer(815301076,1909f56bfc062723c751e8b465ee728b)
Start importing Assets/Prefabs/Player.prefab using Guid(3792e47c408c5cd438d0c329c2c488e8) Importer(815301076,1909f56bfc062723c751e8b465ee728b)  -> (artifact id: 'c9a6fdd8ca953eeb4bbddaf8174cecad') in 0.040588 seconds
  Import took 0.064409 seconds .

========================================================================
Received Prepare
Registering precompiled user dll's ...
Registered in 0.002710 seconds.
Begin MonoManager ReloadAssembly
Native extension for WindowsStandalone target not found
Refreshing native plugins compatible for Editor in 1.37 ms, found 0 plugins.
Preloading 0 native plugins for Editor in 0.00 ms.
Invoked RoslynAnalysisRunner static constructor.
RoslynAnalysisRunner will not be running.
RoslynAnalysisRunner has terminated.
Mono: successfully reloaded assembly
- Completed reload, in  2.077 seconds
Platform modules already initialized, skipping
Shader 'Universal Render Pipeline/Particles/Lit': fallback shader 'Universal Render Pipeline/Particles/SimpleLit' not found
Shader 'Universal Render Pipeline/Particles/Lit': fallback shader 'Universal Render Pipeline/Particles/SimpleLit' not found
Refreshing native plugins compatible for Editor in 0.93 ms, found 0 plugins.
Preloading 0 native plugins for Editor in 0.00 ms.
Unloading 2330 Unused Serialized files (Serialized files now loaded: 0)
System memory in use before: 121.1 MB.
System memory in use after: 119.0 MB.

Unloading 37 unused Assets to reduce memory usage. Loaded Objects now: 2947.
Total: 10.109200 ms (FindLiveObjects: 0.596300 ms CreateObjectMapping: 0.259700 ms MarkObjects: 5.774500 ms  DeleteObjects: 3.464900 ms)

========================================================================
Received Prepare
Registering precompiled user dll's ...
Registered in 0.004235 seconds.
Begin MonoManager ReloadAssembly
Native extension for WindowsStandalone target not found
Refreshing native plugins compatible for Editor in 0.58 ms, found 0 plugins.
Preloading 0 native plugins for Editor in 0.00 ms.
Invoked RoslynAnalysisRunner static constructor.
RoslynAnalysisRunner will not be running.
RoslynAnalysisRunner has terminated.
Mono: successfully reloaded assembly
- Completed reload, in  3.735 seconds
Platform modules already initialized, skipping
Shader 'Universal Render Pipeline/Particles/Lit': fallback shader 'Universal Render Pipeline/Particles/SimpleLit' not found
Shader 'Universal Render Pipeline/Particles/Lit': fallback shader 'Universal Render Pipeline/Particles/SimpleLit' not found
Refreshing native plugins compatible for Editor in 1.09 ms, found 0 plugins.
Preloading 0 native plugins for Editor in 0.00 ms.
Unloading 2330 Unused Serialized files (Serialized files now loaded: 0)
System memory in use before: 121.2 MB.
System memory in use after: 119.2 MB.

Unloading 37 unused Assets to reduce memory usage. Loaded Objects now: 2947.
Total: 15.829700 ms (FindLiveObjects: 1.177800 ms CreateObjectMapping: 2.631600 ms MarkObjects: 7.924600 ms  DeleteObjects: 4.092200 ms)

========================================================================
Received Import Request.
  Time since last request: 93.559766 seconds.
  path: Assets/Prefabs/Player.prefab
  artifactKey: Guid(3792e47c408c5cd438d0c329c2c488e8) Importer(815301076,1909f56bfc062723c751e8b465ee728b)
Start importing Assets/Prefabs/Player.prefab using Guid(3792e47c408c5cd438d0c329c2c488e8) Importer(815301076,1909f56bfc062723c751e8b465ee728b)  -> (artifact id: '8547c03e3c557e9d6d4297bf4bb5619b') in 0.418911 seconds
  Import took 0.438571 seconds .

========================================================================
Received Import Request.
  Time since last request: 2.956879 seconds.
  path: Assets/Prefabs/Player.prefab
  artifactKey: Guid(3792e47c408c5cd438d0c329c2c488e8) Importer(815301076,1909f56bfc062723c751e8b465ee728b)
Start importing Assets/Prefabs/Player.prefab using Guid(3792e47c408c5cd438d0c329c2c488e8) Importer(815301076,1909f56bfc062723c751e8b465ee728b)  -> (artifact id: 'bf95ce6f29a6a76d5ab4f301cd513d52') in 0.033274 seconds
  Import took 0.057129 seconds .

========================================================================
Received Import Request.
  Time since last request: 12.970508 seconds.
  path: Assets/Prefabs/Player.prefab
  artifactKey: Guid(3792e47c408c5cd438d0c329c2c488e8) Importer(815301076,1909f56bfc062723c751e8b465ee728b)
Start importing Assets/Prefabs/Player.prefab using Guid(3792e47c408c5cd438d0c329c2c488e8) Importer(815301076,1909f56bfc062723c751e8b465ee728b)  -> (artifact id: '78b78d80a0460a0d2872b32e69ec940a') in 0.065466 seconds
  Import took 0.109005 seconds .

========================================================================
Received Prepare
Registering precompiled user dll's ...
Registered in 0.003207 seconds.
Begin MonoManager ReloadAssembly
Native extension for WindowsStandalone target not found
Refreshing native plugins compatible for Editor in 0.49 ms, found 0 plugins.
Preloading 0 native plugins for Editor in 0.00 ms.
Invoked RoslynAnalysisRunner static constructor.
RoslynAnalysisRunner will not be running.
RoslynAnalysisRunner has terminated.
Mono: successfully reloaded assembly
- Completed reload, in  2.057 seconds
Platform modules already initialized, skipping
Shader 'Universal Render Pipeline/Particles/Lit': fallback shader 'Universal Render Pipeline/Particles/SimpleLit' not found
Shader 'Universal Render Pipeline/Particles/Lit': fallback shader 'Universal Render Pipeline/Particles/SimpleLit' not found
Refreshing native plugins compatible for Editor in 1.33 ms, found 0 plugins.
Preloading 0 native plugins for Editor in 0.00 ms.
Unloading 2330 Unused Serialized files (Serialized files now loaded: 0)
System memory in use before: 121.4 MB.
System memory in use after: 119.3 MB.

Unloading 37 unused Assets to reduce memory usage. Loaded Objects now: 2983.
Total: 9.127000 ms (FindLiveObjects: 0.893600 ms CreateObjectMapping: 0.323900 ms MarkObjects: 4.531500 ms  DeleteObjects: 3.375100 ms)

========================================================================
Received Import Request.
  Time since last request: 67.694340 seconds.
  path: Assets/Prefabs/Player.prefab
  artifactKey: Guid(3792e47c408c5cd438d0c329c2c488e8) Importer(815301076,1909f56bfc062723c751e8b465ee728b)
Start importing Assets/Prefabs/Player.prefab using Guid(3792e47c408c5cd438d0c329c2c488e8) Importer(815301076,1909f56bfc062723c751e8b465ee728b)  -> (artifact id: '2a955721c613ceda736b0f3be5a5f0c9') in 0.527675 seconds
  Import took 0.545881 seconds .

========================================================================
Received Import Request.
  Time since last request: 8.756931 seconds.
  path: Assets/Prefabs/Player.prefab
  artifactKey: Guid(3792e47c408c5cd438d0c329c2c488e8) Importer(815301076,1909f56bfc062723c751e8b465ee728b)
Start importing Assets/Prefabs/Player.prefab using Guid(3792e47c408c5cd438d0c329c2c488e8) Importer(815301076,1909f56bfc062723c751e8b465ee728b)  -> (artifact id: '4777348861fb4448bf46e0126e3b1090') in 0.038685 seconds
  Import took 0.071678 seconds .

========================================================================
Received Import Request.
  Time since last request: 0.985563 seconds.
  path: Assets/Prefabs/Player.prefab
  artifactKey: Guid(3792e47c408c5cd438d0c329c2c488e8) Importer(815301076,1909f56bfc062723c751e8b465ee728b)
Start importing Assets/Prefabs/Player.prefab using Guid(3792e47c408c5cd438d0c329c2c488e8) Importer(815301076,1909f56bfc062723c751e8b465ee728b)  -> (artifact id: '53a56e966f96c30d222326e6029864a2') in 0.039194 seconds
  Import took 0.060194 seconds .

========================================================================
Received Prepare
Registering precompiled user dll's ...
Registered in 0.002680 seconds.
Begin MonoManager ReloadAssembly
Native extension for WindowsStandalone target not found
Refreshing native plugins compatible for Editor in 0.52 ms, found 0 plugins.
Preloading 0 native plugins for Editor in 0.00 ms.
Invoked RoslynAnalysisRunner static constructor.
RoslynAnalysisRunner will not be running.
RoslynAnalysisRunner has terminated.
Mono: successfully reloaded assembly
- Completed reload, in  2.062 seconds
Platform modules already initialized, skipping
Shader 'Universal Render Pipeline/Particles/Lit': fallback shader 'Universal Render Pipeline/Particles/SimpleLit' not found
Shader 'Universal Render Pipeline/Particles/Lit': fallback shader 'Universal Render Pipeline/Particles/SimpleLit' not found
Refreshing native plugins compatible for Editor in 0.86 ms, found 0 plugins.
Preloading 0 native plugins for Editor in 0.00 ms.
Unloading 2330 Unused Serialized files (Serialized files now loaded: 0)
System memory in use before: 121.5 MB.
System memory in use after: 119.4 MB.

Unloading 37 unused Assets to reduce memory usage. Loaded Objects now: 3019.
Total: 10.192000 ms (FindLiveObjects: 0.551400 ms CreateObjectMapping: 0.262000 ms MarkObjects: 5.347600 ms  DeleteObjects: 4.027900 ms)

========================================================================
Received Import Request.
  Time since last request: 64.841895 seconds.
  path: Assets/Prefabs/Player.prefab
  artifactKey: Guid(3792e47c408c5cd438d0c329c2c488e8) Importer(815301076,1909f56bfc062723c751e8b465ee728b)
Start importing Assets/Prefabs/Player.prefab using Guid(3792e47c408c5cd438d0c329c2c488e8) Importer(815301076,1909f56bfc062723c751e8b465ee728b)  -> (artifact id: '7b3708f1c1f3e84aa95de657893f6250') in 0.524267 seconds
  Import took 0.540598 seconds .

========================================================================
Received Prepare
Registering precompiled user dll's ...
Registered in 0.003228 seconds.
Begin MonoManager ReloadAssembly
Native extension for WindowsStandalone target not found
Refreshing native plugins compatible for Editor in 0.81 ms, found 0 plugins.
Preloading 0 native plugins for Editor in 0.00 ms.
Invoked RoslynAnalysisRunner static constructor.
RoslynAnalysisRunner will not be running.
RoslynAnalysisRunner has terminated.
Mono: successfully reloaded assembly
- Completed reload, in  1.979 seconds
Platform modules already initialized, skipping
Shader 'Universal Render Pipeline/Particles/Lit': fallback shader 'Universal Render Pipeline/Particles/SimpleLit' not found
Shader 'Universal Render Pipeline/Particles/Lit': fallback shader 'Universal Render Pipeline/Particles/SimpleLit' not found
Refreshing native plugins compatible for Editor in 0.86 ms, found 0 plugins.
Preloading 0 native plugins for Editor in 0.00 ms.
Unloading 2330 Unused Serialized files (Serialized files now loaded: 0)
System memory in use before: 121.6 MB.
System memory in use after: 119.6 MB.

Unloading 37 unused Assets to reduce memory usage. Loaded Objects now: 3055.
Total: 10.795700 ms (FindLiveObjects: 1.027000 ms CreateObjectMapping: 0.549500 ms MarkObjects: 6.140100 ms  DeleteObjects: 3.076400 ms)

========================================================================
Received Prepare
Registering precompiled user dll's ...
Registered in 0.005468 seconds.
Begin MonoManager ReloadAssembly
Native extension for WindowsStandalone target not found
Refreshing native plugins compatible for Editor in 0.55 ms, found 0 plugins.
Preloading 0 native plugins for Editor in 0.00 ms.
Invoked RoslynAnalysisRunner static constructor.
RoslynAnalysisRunner will not be running.
RoslynAnalysisRunner has terminated.
Mono: successfully reloaded assembly
- Completed reload, in  2.738 seconds
Platform modules already initialized, skipping
Shader 'Universal Render Pipeline/Particles/Lit': fallback shader 'Universal Render Pipeline/Particles/SimpleLit' not found
Shader 'Universal Render Pipeline/Particles/Lit': fallback shader 'Universal Render Pipeline/Particles/SimpleLit' not found
Refreshing native plugins compatible for Editor in 0.83 ms, found 0 plugins.
Preloading 0 native plugins for Editor in 0.00 ms.
Unloading 2330 Unused Serialized files (Serialized files now loaded: 0)
System memory in use before: 121.5 MB.
System memory in use after: 119.5 MB.

Unloading 37 unused Assets to reduce memory usage. Loaded Objects now: 3055.
Total: 42.373500 ms (FindLiveObjects: 0.895300 ms CreateObjectMapping: 0.310700 ms MarkObjects: 9.795500 ms  DeleteObjects: 31.368500 ms)

========================================================================
Received Import Request.
  Time since last request: 585.406592 seconds.
  path: Assets/Materials/Coin.mat
  artifactKey: Guid(b20894ee14073024bbda67294da09dcf) Importer(815301076,1909f56bfc062723c751e8b465ee728b)
Start importing Assets/Materials/Coin.mat using Guid(b20894ee14073024bbda67294da09dcf) Importer(815301076,1909f56bfc062723c751e8b465ee728b)  -> (artifact id: '63d95e07ab562618367bd3c6b2dad184') in 0.784066 seconds
  Import took 0.801751 seconds .

========================================================================
Received Import Request.
  Time since last request: 46.550541 seconds.
  path: Assets/Materials/Coin.mat
  artifactKey: Guid(b20894ee14073024bbda67294da09dcf) Importer(815301076,1909f56bfc062723c751e8b465ee728b)
Start importing Assets/Materials/Coin.mat using Guid(b20894ee14073024bbda67294da09dcf) Importer(815301076,1909f56bfc062723c751e8b465ee728b)  -> (artifact id: '0a078f458678246701f3a9f1909fe505') in 0.035273 seconds
  Import took 0.127188 seconds .

========================================================================
Received Import Request.
  Time since last request: 151.746087 seconds.
  path: Assets/Prefabs/Coin.prefab
  artifactKey: Guid(2531c0cf45e5f45439172e13d6dd9b3d) Importer(815301076,1909f56bfc062723c751e8b465ee728b)
Start importing Assets/Prefabs/Coin.prefab using Guid(2531c0cf45e5f45439172e13d6dd9b3d) Importer(815301076,1909f56bfc062723c751e8b465ee728b)  -> (artifact id: 'cbccca4636274321621014439a3b1c63') in 0.124778 seconds
  Import took 0.187458 seconds .

========================================================================
Received Import Request.
  Time since last request: 490.874454 seconds.
  path: Assets/Scripts/CoinCollection.cs
  artifactKey: Guid(aea65d7dd1ba58c4a8c2125c1cb25819) Importer(815301076,1909f56bfc062723c751e8b465ee728b)
Start importing Assets/Scripts/CoinCollection.cs using Guid(aea65d7dd1ba58c4a8c2125c1cb25819) Importer(815301076,1909f56bfc062723c751e8b465ee728b)  -> (artifact id: 'c7b5c9320ce637d0c5804ad2a7412130') in 1.072919 seconds
  Import took 2.096556 seconds .

========================================================================
Received Prepare
Registering precompiled user dll's ...
Registered in 0.002265 seconds.
Begin MonoManager ReloadAssembly
Native extension for WindowsStandalone target not found
Refreshing native plugins compatible for Editor in 0.49 ms, found 0 plugins.
Preloading 0 native plugins for Editor in 0.00 ms.
Invoked RoslynAnalysisRunner static constructor.
RoslynAnalysisRunner will not be running.
RoslynAnalysisRunner has terminated.
Mono: successfully reloaded assembly
- Completed reload, in  3.596 seconds
Platform modules already initialized, skipping
Shader 'Universal Render Pipeline/Particles/Lit': fallback shader 'Universal Render Pipeline/Particles/SimpleLit' not found
Shader 'Universal Render Pipeline/Particles/Lit': fallback shader 'Universal Render Pipeline/Particles/SimpleLit' not found
Refreshing native plugins compatible for Editor in 0.81 ms, found 0 plugins.
Preloading 0 native plugins for Editor in 0.00 ms.
Unloading 2331 Unused Serialized files (Serialized files now loaded: 0)
System memory in use before: 122.0 MB.
System memory in use after: 119.9 MB.

Unloading 37 unused Assets to reduce memory usage. Loaded Objects now: 3125.
Total: 15.341600 ms (FindLiveObjects: 0.555600 ms CreateObjectMapping: 0.242100 ms MarkObjects: 9.659900 ms  DeleteObjects: 4.881800 ms)

========================================================================
Received Prepare
Registering precompiled user dll's ...
Registered in 0.003601 seconds.
Begin MonoManager ReloadAssembly
Native extension for WindowsStandalone target not found
Refreshing native plugins compatible for Editor in 0.84 ms, found 0 plugins.
Preloading 0 native plugins for Editor in 0.00 ms.
Invoked RoslynAnalysisRunner static constructor.
RoslynAnalysisRunner will not be running.
RoslynAnalysisRunner has terminated.
Mono: successfully reloaded assembly
- Completed reload, in  3.863 seconds
Platform modules already initialized, skipping
Shader 'Universal Render Pipeline/Particles/Lit': fallback shader 'Universal Render Pipeline/Particles/SimpleLit' not found
Shader 'Universal Render Pipeline/Particles/Lit': fallback shader 'Universal Render Pipeline/Particles/SimpleLit' not found
Refreshing native plugins compatible for Editor in 0.78 ms, found 0 plugins.
Preloading 0 native plugins for Editor in 0.00 ms.
Unloading 2331 Unused Serialized files (Serialized files now loaded: 0)
System memory in use before: 122.0 MB.
System memory in use after: 119.9 MB.

Unloading 37 unused Assets to reduce memory usage. Loaded Objects now: 3125.
Total: 8.944300 ms (FindLiveObjects: 0.502500 ms CreateObjectMapping: 0.240400 ms MarkObjects: 4.716100 ms  DeleteObjects: 3.482500 ms)

========================================================================
Received Prepare
Registering precompiled user dll's ...
Registered in 0.003706 seconds.
Begin MonoManager ReloadAssembly
Native extension for WindowsStandalone target not found
Refreshing native plugins compatible for Editor in 0.78 ms, found 0 plugins.
Preloading 0 native plugins for Editor in 0.00 ms.
Invoked RoslynAnalysisRunner static constructor.
RoslynAnalysisRunner will not be running.
RoslynAnalysisRunner has terminated.
Mono: successfully reloaded assembly
- Completed reload, in  2.885 seconds
Platform modules already initialized, skipping
Shader 'Universal Render Pipeline/Particles/Lit': fallback shader 'Universal Render Pipeline/Particles/SimpleLit' not found
Shader 'Universal Render Pipeline/Particles/Lit': fallback shader 'Universal Render Pipeline/Particles/SimpleLit' not found
Refreshing native plugins compatible for Editor in 0.81 ms, found 0 plugins.
Preloading 0 native plugins for Editor in 0.00 ms.
Unloading 2331 Unused Serialized files (Serialized files now loaded: 0)
System memory in use before: 122.0 MB.
System memory in use after: 119.9 MB.

Unloading 37 unused Assets to reduce memory usage. Loaded Objects now: 3125.
Total: 11.678200 ms (FindLiveObjects: 0.663100 ms CreateObjectMapping: 0.804300 ms MarkObjects: 5.953900 ms  DeleteObjects: 4.254800 ms)

========================================================================
Received Import Request.
  Time since last request: 733.863193 seconds.
  path: Assets/Prefabs/Coin.prefab
  artifactKey: Guid(2531c0cf45e5f45439172e13d6dd9b3d) Importer(815301076,1909f56bfc062723c751e8b465ee728b)
Start importing Assets/Prefabs/Coin.prefab using Guid(2531c0cf45e5f45439172e13d6dd9b3d) Importer(815301076,1909f56bfc062723c751e8b465ee728b)  -> (artifact id: '6855a13cfbfee5ccf36bb4a0f9efdab7') in 1.308128 seconds
  Import took 1.381895 seconds .

========================================================================
Received Prepare
Registering precompiled user dll's ...
Registered in 0.003449 seconds.
Begin MonoManager ReloadAssembly
Native extension for WindowsStandalone target not found
Refreshing native plugins compatible for Editor in 0.82 ms, found 0 plugins.
Preloading 0 native plugins for Editor in 0.00 ms.
Invoked RoslynAnalysisRunner static constructor.
RoslynAnalysisRunner will not be running.
RoslynAnalysisRunner has terminated.
Mono: successfully reloaded assembly
- Completed reload, in  4.165 seconds
Platform modules already initialized, skipping
Shader 'Universal Render Pipeline/Particles/Lit': fallback shader 'Universal Render Pipeline/Particles/SimpleLit' not found
Shader 'Universal Render Pipeline/Particles/Lit': fallback shader 'Universal Render Pipeline/Particles/SimpleLit' not found
Refreshing native plugins compatible for Editor in 0.84 ms, found 0 plugins.
Preloading 0 native plugins for Editor in 0.00 ms.
Unloading 2331 Unused Serialized files (Serialized files now loaded: 0)
System memory in use before: 122.1 MB.
System memory in use after: 120.1 MB.

Unloading 37 unused Assets to reduce memory usage. Loaded Objects now: 3161.
Total: 13.464100 ms (FindLiveObjects: 0.551900 ms CreateObjectMapping: 0.257800 ms MarkObjects: 9.726000 ms  DeleteObjects: 2.925900 ms)

========================================================================
Received Prepare
Registering precompiled user dll's ...
Registered in 0.005329 seconds.
Begin MonoManager ReloadAssembly
Native extension for WindowsStandalone target not found
Refreshing native plugins compatible for Editor in 0.54 ms, found 0 plugins.
Preloading 0 native plugins for Editor in 0.00 ms.
Invoked RoslynAnalysisRunner static constructor.
RoslynAnalysisRunner will not be running.
RoslynAnalysisRunner has terminated.
Mono: successfully reloaded assembly
- Completed reload, in  5.034 seconds
Platform modules already initialized, skipping
Shader 'Universal Render Pipeline/Particles/Lit': fallback shader 'Universal Render Pipeline/Particles/SimpleLit' not found
Shader 'Universal Render Pipeline/Particles/Lit': fallback shader 'Universal Render Pipeline/Particles/SimpleLit' not found
Refreshing native plugins compatible for Editor in 0.95 ms, found 0 plugins.
Preloading 0 native plugins for Editor in 0.00 ms.
Unloading 2331 Unused Serialized files (Serialized files now loaded: 0)
System memory in use before: 122.0 MB.
System memory in use after: 120.0 MB.

Unloading 37 unused Assets to reduce memory usage. Loaded Objects now: 3161.
Total: 42.560700 ms (FindLiveObjects: 3.559800 ms CreateObjectMapping: 1.013800 ms MarkObjects: 32.104200 ms  DeleteObjects: 5.879100 ms)

========================================================================
Received Prepare
Registering precompiled user dll's ...
Registered in 0.003396 seconds.
Begin MonoManager ReloadAssembly
Native extension for WindowsStandalone target not found
Refreshing native plugins compatible for Editor in 1.61 ms, found 0 plugins.
Preloading 0 native plugins for Editor in 0.00 ms.
Invoked RoslynAnalysisRunner static constructor.
RoslynAnalysisRunner will not be running.
RoslynAnalysisRunner has terminated.
Mono: successfully reloaded assembly
- Completed reload, in  2.436 seconds
Platform modules already initialized, skipping
Shader 'Universal Render Pipeline/Particles/Lit': fallback shader 'Universal Render Pipeline/Particles/SimpleLit' not found
Shader 'Universal Render Pipeline/Particles/Lit': fallback shader 'Universal Render Pipeline/Particles/SimpleLit' not found
Refreshing native plugins compatible for Editor in 1.05 ms, found 0 plugins.
Preloading 0 native plugins for Editor in 0.00 ms.
Unloading 2331 Unused Serialized files (Serialized files now loaded: 0)
System memory in use before: 122.1 MB.
System memory in use after: 120.0 MB.

Unloading 37 unused Assets to reduce memory usage. Loaded Objects now: 3161.
Total: 16.191700 ms (FindLiveObjects: 0.672500 ms CreateObjectMapping: 0.541600 ms MarkObjects: 8.344100 ms  DeleteObjects: 6.630700 ms)

========================================================================
Received Prepare
Registering precompiled user dll's ...
Registered in 0.003114 seconds.
Begin MonoManager ReloadAssembly
Native extension for WindowsStandalone target not found
Refreshing native plugins compatible for Editor in 1.33 ms, found 0 plugins.
Preloading 0 native plugins for Editor in 0.00 ms.
Invoked RoslynAnalysisRunner static constructor.
RoslynAnalysisRunner will not be running.
RoslynAnalysisRunner has terminated.
Mono: successfully reloaded assembly
- Completed reload, in  4.723 seconds
Platform modules already initialized, skipping
Shader 'Universal Render Pipeline/Particles/Lit': fallback shader 'Universal Render Pipeline/Particles/SimpleLit' not found
Shader 'Universal Render Pipeline/Particles/Lit': fallback shader 'Universal Render Pipeline/Particles/SimpleLit' not found
Refreshing native plugins compatible for Editor in 0.80 ms, found 0 plugins.
Preloading 0 native plugins for Editor in 0.00 ms.
Unloading 2331 Unused Serialized files (Serialized files now loaded: 0)
System memory in use before: 122.1 MB.
System memory in use after: 120.1 MB.

Unloading 37 unused Assets to reduce memory usage. Loaded Objects now: 3161.
Total: 14.787300 ms (FindLiveObjects: 0.671500 ms CreateObjectMapping: 5.254100 ms MarkObjects: 4.892600 ms  DeleteObjects: 3.966700 ms)

========================================================================
Received Prepare
Registering precompiled user dll's ...
Registered in 0.004069 seconds.
Begin MonoManager ReloadAssembly
Native extension for WindowsStandalone target not found
Refreshing native plugins compatible for Editor in 0.50 ms, found 0 plugins.
Preloading 0 native plugins for Editor in 0.00 ms.
Invoked RoslynAnalysisRunner static constructor.
RoslynAnalysisRunner will not be running.
RoslynAnalysisRunner has terminated.
Mono: successfully reloaded assembly
- Completed reload, in  2.445 seconds
Platform modules already initialized, skipping
Shader 'Universal Render Pipeline/Particles/Lit': fallback shader 'Universal Render Pipeline/Particles/SimpleLit' not found
Shader 'Universal Render Pipeline/Particles/Lit': fallback shader 'Universal Render Pipeline/Particles/SimpleLit' not found
Refreshing native plugins compatible for Editor in 0.87 ms, found 0 plugins.
Preloading 0 native plugins for Editor in 0.00 ms.
Unloading 2331 Unused Serialized files (Serialized files now loaded: 0)
System memory in use before: 122.1 MB.
System memory in use after: 120.1 MB.

Unloading 37 unused Assets to reduce memory usage. Loaded Objects now: 3161.
Total: 10.364900 ms (FindLiveObjects: 2.004900 ms CreateObjectMapping: 0.425300 ms MarkObjects: 4.569900 ms  DeleteObjects: 3.361800 ms)

========================================================================
Received Prepare
Registering precompiled user dll's ...
Registered in 0.005945 seconds.
Begin MonoManager ReloadAssembly
Native extension for WindowsStandalone target not found
Refreshing native plugins compatible for Editor in 0.81 ms, found 0 plugins.
Preloading 0 native plugins for Editor in 0.00 ms.
Invoked RoslynAnalysisRunner static constructor.
RoslynAnalysisRunner will not be running.
RoslynAnalysisRunner has terminated.
Mono: successfully reloaded assembly
- Completed reload, in  5.532 seconds
Platform modules already initialized, skipping
Shader 'Universal Render Pipeline/Particles/Lit': fallback shader 'Universal Render Pipeline/Particles/SimpleLit' not found
Shader 'Universal Render Pipeline/Particles/Lit': fallback shader 'Universal Render Pipeline/Particles/SimpleLit' not found
Refreshing native plugins compatible for Editor in 7.36 ms, found 0 plugins.
Preloading 0 native plugins for Editor in 0.00 ms.
Unloading 2331 Unused Serialized files (Serialized files now loaded: 0)
System memory in use before: 122.1 MB.
System memory in use after: 120.1 MB.

Unloading 37 unused Assets to reduce memory usage. Loaded Objects now: 3161.
Total: 12.558500 ms (FindLiveObjects: 1.082300 ms CreateObjectMapping: 0.457200 ms MarkObjects: 6.765700 ms  DeleteObjects: 4.250400 ms)

========================================================================
Received Prepare
Registering precompiled user dll's ...
Registered in 0.004029 seconds.
Begin MonoManager ReloadAssembly
Native extension for WindowsStandalone target not found
Refreshing native plugins compatible for Editor in 0.52 ms, found 0 plugins.
Preloading 0 native plugins for Editor in 0.00 ms.
Invoked RoslynAnalysisRunner static constructor.
RoslynAnalysisRunner will not be running.
RoslynAnalysisRunner has terminated.
Mono: successfully reloaded assembly
- Completed reload, in  2.796 seconds
Platform modules already initialized, skipping
Shader 'Universal Render Pipeline/Particles/Lit': fallback shader 'Universal Render Pipeline/Particles/SimpleLit' not found
Shader 'Universal Render Pipeline/Particles/Lit': fallback shader 'Universal Render Pipeline/Particles/SimpleLit' not found
Refreshing native plugins compatible for Editor in 0.92 ms, found 0 plugins.
Preloading 0 native plugins for Editor in 0.00 ms.
Unloading 2331 Unused Serialized files (Serialized files now loaded: 0)
System memory in use before: 122.0 MB.
System memory in use after: 120.0 MB.

Unloading 37 unused Assets to reduce memory usage. Loaded Objects now: 3161.
Total: 10.936200 ms (FindLiveObjects: 1.458000 ms CreateObjectMapping: 0.369500 ms MarkObjects: 4.732800 ms  DeleteObjects: 4.373700 ms)

========================================================================
Received Prepare
Registering precompiled user dll's ...
Registered in 0.005795 seconds.
Begin MonoManager ReloadAssembly
Native extension for WindowsStandalone target not found
Refreshing native plugins compatible for Editor in 0.79 ms, found 0 plugins.
Preloading 0 native plugins for Editor in 0.00 ms.
Invoked RoslynAnalysisRunner static constructor.
RoslynAnalysisRunner will not be running.
RoslynAnalysisRunner has terminated.
Mono: successfully reloaded assembly
- Completed reload, in  3.476 seconds
Platform modules already initialized, skipping
Shader 'Universal Render Pipeline/Particles/Lit': fallback shader 'Universal Render Pipeline/Particles/SimpleLit' not found
Shader 'Universal Render Pipeline/Particles/Lit': fallback shader 'Universal Render Pipeline/Particles/SimpleLit' not found
Refreshing native plugins compatible for Editor in 0.85 ms, found 0 plugins.
Preloading 0 native plugins for Editor in 0.00 ms.
Unloading 2331 Unused Serialized files (Serialized files now loaded: 0)
System memory in use before: 122.2 MB.
System memory in use after: 120.1 MB.

Unloading 37 unused Assets to reduce memory usage. Loaded Objects now: 3161.
Total: 10.119400 ms (FindLiveObjects: 0.595000 ms CreateObjectMapping: 0.258500 ms MarkObjects: 6.192700 ms  DeleteObjects: 3.070000 ms)

========================================================================
Received Prepare
Registering precompiled user dll's ...
Registered in 0.004519 seconds.
Begin MonoManager ReloadAssembly
Native extension for WindowsStandalone target not found
Refreshing native plugins compatible for Editor in 0.79 ms, found 0 plugins.
Preloading 0 native plugins for Editor in 0.00 ms.
Invoked RoslynAnalysisRunner static constructor.
RoslynAnalysisRunner will not be running.
RoslynAnalysisRunner has terminated.
Mono: successfully reloaded assembly
- Completed reload, in  2.768 seconds
Platform modules already initialized, skipping
Shader 'Universal Render Pipeline/Particles/Lit': fallback shader 'Universal Render Pipeline/Particles/SimpleLit' not found
Shader 'Universal Render Pipeline/Particles/Lit': fallback shader 'Universal Render Pipeline/Particles/SimpleLit' not found
Refreshing native plugins compatible for Editor in 1.09 ms, found 0 plugins.
Preloading 0 native plugins for Editor in 0.00 ms.
Unloading 2331 Unused Serialized files (Serialized files now loaded: 0)
System memory in use before: 122.1 MB.
System memory in use after: 120.1 MB.

Unloading 37 unused Assets to reduce memory usage. Loaded Objects now: 3161.
Total: 9.298700 ms (FindLiveObjects: 0.595700 ms CreateObjectMapping: 0.261900 ms MarkObjects: 4.951900 ms  DeleteObjects: 3.486400 ms)

AssetImportWorkerClient::OnTransportError - code=2 error=End of file
